2025-05-22 10:08:05 INFO  Version.<clinit>:21 HV000001: Hibernate Validator 8.0.2.Final
2025-05-22 10:08:06 INFO  DemoApplication.logStarting:53 Starting DemoApplication using Java 17.0.9 with PID 11636 (D:\Wiinvent\demo\demo\target\classes started by Hieu in D:\Wiinvent\demo\demo)
2025-05-22 10:08:06 INFO  DemoApplication.logStartupProfileInfo:652 No active profile set, falling back to 1 default profile: "default"
2025-05-22 10:08:06 INFO  DevToolsPropertyDefaultsPostProcessor.logTo:252 Devtools property defaults active! Set 'spring.devtools.add-properties' to 'false' to disable
2025-05-22 10:08:06 INFO  DevToolsPropertyDefaultsPostProcessor.logTo:252 For additional web related logging consider setting the 'logging.level.web' property to 'DEBUG'
2025-05-22 10:08:07 INFO  RepositoryConfigurationDelegate.multipleStoresDetected:295 Multiple Spring Data modules found, entering strict repository configuration mode
2025-05-22 10:08:07 INFO  RepositoryConfigurationDelegate.registerRepositoriesIn:143 Bootstrapping Spring Data JPA repositories in DEFAULT mode.
2025-05-22 10:08:07 INFO  RepositoryConfigurationDelegate.registerRepositoriesIn:211 Finished Spring Data repository scanning in 222 ms. Found 4 JPA repository interfaces.
2025-05-22 10:08:07 INFO  RepositoryConfigurationDelegate.multipleStoresDetected:295 Multiple Spring Data modules found, entering strict repository configuration mode
2025-05-22 10:08:07 INFO  RepositoryConfigurationDelegate.registerRepositoriesIn:143 Bootstrapping Spring Data Redis repositories in DEFAULT mode.
2025-05-22 10:08:07 INFO  RepositoryConfigurationExtensionSupport.isStrictRepositoryCandidate:327 Spring Data Redis - Could not safely identify store assignment for repository candidate interface com.wiinvent.demo.repo.AttendanceConfigRepository; If you want this repository to be a Redis repository, consider annotating your entities with one of these annotations: org.springframework.data.redis.core.RedisHash (preferred), or consider extending one of the following types with your repository: org.springframework.data.keyvalue.repository.KeyValueRepository
2025-05-22 10:08:07 INFO  RepositoryConfigurationExtensionSupport.isStrictRepositoryCandidate:327 Spring Data Redis - Could not safely identify store assignment for repository candidate interface com.wiinvent.demo.repo.AttendanceRepository; If you want this repository to be a Redis repository, consider annotating your entities with one of these annotations: org.springframework.data.redis.core.RedisHash (preferred), or consider extending one of the following types with your repository: org.springframework.data.keyvalue.repository.KeyValueRepository
2025-05-22 10:08:07 INFO  RepositoryConfigurationExtensionSupport.isStrictRepositoryCandidate:327 Spring Data Redis - Could not safely identify store assignment for repository candidate interface com.wiinvent.demo.repo.PointHistoryRepository; If you want this repository to be a Redis repository, consider annotating your entities with one of these annotations: org.springframework.data.redis.core.RedisHash (preferred), or consider extending one of the following types with your repository: org.springframework.data.keyvalue.repository.KeyValueRepository
2025-05-22 10:08:07 INFO  RepositoryConfigurationExtensionSupport.isStrictRepositoryCandidate:327 Spring Data Redis - Could not safely identify store assignment for repository candidate interface com.wiinvent.demo.repo.UserRepository; If you want this repository to be a Redis repository, consider annotating your entities with one of these annotations: org.springframework.data.redis.core.RedisHash (preferred), or consider extending one of the following types with your repository: org.springframework.data.keyvalue.repository.KeyValueRepository
2025-05-22 10:08:07 INFO  RepositoryConfigurationDelegate.registerRepositoriesIn:211 Finished Spring Data repository scanning in 19 ms. Found 0 Redis repository interfaces.
2025-05-22 10:08:08 INFO  TomcatWebServer.initialize:111 Tomcat initialized with port 8081 (http)
2025-05-22 10:08:08 INFO  Http11NioProtocol.log:168 Initializing ProtocolHandler ["http-nio-8081"]
2025-05-22 10:08:08 INFO  StandardService.log:168 Starting service [Tomcat]
2025-05-22 10:08:08 INFO  StandardEngine.log:168 Starting Servlet engine: [Apache Tomcat/10.1.40]
2025-05-22 10:08:08 INFO  [/].log:168 Initializing Spring embedded WebApplicationContext
2025-05-22 10:08:08 INFO  ServletWebServerApplicationContext.prepareWebApplicationContext:301 Root WebApplicationContext: initialization completed in 2824 ms
2025-05-22 10:08:09 INFO  HikariDataSource.getConnection:110 HikariPool-1 - Starting...
2025-05-22 10:08:09 INFO  HikariDataSource.getConnection:123 HikariPool-1 - Start completed.
2025-05-22 10:08:10 INFO  changelog.log:37 Reading from gaming_db.databasechangelog
2025-05-22 10:08:10 INFO  ui.log:37 Database is up to date, no changesets to execute
2025-05-22 10:08:10 INFO  changelog.log:37 Reading from gaming_db.databasechangelog
2025-05-22 10:08:10 INFO  util.log:37 UPDATE SUMMARY
2025-05-22 10:08:10 INFO  util.log:37 Run:                          0
2025-05-22 10:08:10 INFO  util.log:37 Previously run:               4
2025-05-22 10:08:10 INFO  util.log:37 Filtered out:                 0
2025-05-22 10:08:10 INFO  util.log:37 -------------------------------
2025-05-22 10:08:10 INFO  util.log:37 Total change sets:            4
2025-05-22 10:08:10 INFO  util.log:37 Update summary generated
2025-05-22 10:08:10 INFO  command.log:37 Command execution complete
2025-05-22 10:08:10 INFO  LogHelper.logPersistenceUnitInformation:31 HHH000204: Processing PersistenceUnitInfo [name: mysqlPU]
2025-05-22 10:08:10 INFO  Version.logVersion:44 HHH000412: Hibernate ORM core version 6.6.13.Final
2025-05-22 10:08:11 INFO  RegionFactoryInitiator.initiateService:50 HHH000026: Second-level cache disabled
2025-05-22 10:08:11 INFO  SpringPersistenceUnitInfo.addTransformer:87 No LoadTimeWeaver setup: ignoring JPA class transformer
2025-05-22 10:08:11 WARN  deprecation.constructDialect:153 HHH90000025: MySQLDialect does not need to be specified explicitly using 'hibernate.dialect' (remove the property setting and it will be selected by default)
2025-05-22 10:08:11 INFO  pooling.initiateService:157 HHH10001005: Database info:
	Database JDBC URL [Connecting through datasource 'HikariDataSource (HikariPool-1)']
	Database driver: undefined/unknown
	Database version: 8.0.32
	Autocommit mode: undefined/unknown
	Isolation level: undefined/unknown
	Minimum pool size: undefined/unknown
	Maximum pool size: undefined/unknown
2025-05-22 10:08:12 INFO  JtaPlatformInitiator.initiateService:59 HHH000489: No JTA platform available (set 'hibernate.transaction.jta.platform' to enable JTA platform integration)
2025-05-22 10:08:12 INFO  LocalContainerEntityManagerFactoryBean.buildNativeEntityManagerFactory:447 Initialized JPA EntityManagerFactory for persistence unit 'mysqlPU'
2025-05-22 10:08:13 INFO  LotusPointLoader.loadConfig:31 Load config success|ExecuteTime|194
2025-05-22 10:08:13 INFO  QueryEnhancerFactory.<clinit>:49 Hibernate is in classpath; If applicable, HQL parser will be used.
2025-05-22 10:08:14 WARN  JpaBaseConfiguration$JpaWebConfiguration.openEntityManagerInViewInterceptor:258 spring.jpa.open-in-view is enabled by default. Therefore, database queries may be performed during view rendering. Explicitly configure spring.jpa.open-in-view to disable this warning
2025-05-22 10:08:14 WARN  UserDetailsServiceAutoConfiguration.getOrDeducePassword:90 

Using generated security password: 90ad348b-83a2-4c45-8329-5da1d805e2db

This generated password is for development use only. Your security configuration must be updated before running your application in production.

2025-05-22 10:08:14 INFO  InitializeUserDetailsBeanManagerConfigurer$InitializeUserDetailsManagerConfigurer.configure:114 Global AuthenticationManager configured with UserDetailsService bean with name inMemoryUserDetailsManager
2025-05-22 10:08:15 INFO  OptionalLiveReloadServer.startServer:59 LiveReload server is running on port 35729
2025-05-22 10:08:15 INFO  Http11NioProtocol.log:168 Starting ProtocolHandler ["http-nio-8081"]
2025-05-22 10:08:15 INFO  TomcatWebServer.start:243 Tomcat started on port 8081 (http) with context path '/'
2025-05-22 10:08:15 INFO  DemoApplication.logStarted:59 Started DemoApplication in 10.048 seconds (process running for 11.484)
2025-05-22 10:08:52 INFO  [/].log:168 Initializing Spring DispatcherServlet 'dispatcherServlet'
2025-05-22 10:08:52 INFO  DispatcherServlet.initServletBean:532 Initializing Servlet 'dispatcherServlet'
2025-05-22 10:08:52 INFO  DispatcherServlet.initServletBean:554 Completed initialization in 1 ms
2025-05-22 10:08:53 INFO  JwtUtil.generateToken:27 generateToken|SecretKey|c2VjcmV0X2tleQ==|subject|1@username@null
2025-05-22 10:09:10 INFO  UserController.getUserInfo:71 getUserInfo|UserId|1|START
2025-05-22 10:09:11 INFO  UserController.getUserInfo:84 getUserInfo|UserId|1|ExecuteTime|770
2025-05-22 10:09:21 INFO  LotusController.getPointHistory:143 getPointHistory|UserId|1|Page|0|size|10|START
2025-05-22 10:09:21 INFO  LotusController.getPointHistory:163 getPointHistory|UserId|1|Page|0|size|10|ExecuteTime|74
2025-05-22 10:09:26 INFO  LotusController.getListAttendance:38 getListAttendance|UserId|11|START
2025-05-22 10:09:30 INFO  LotusController.getListAttendance:38 getListAttendance|UserId|1|START
2025-05-22 10:09:30 INFO  LotusController.getListAttendance:51 getListAttendance|UserId|1|ExecuteTime|33
2025-05-22 10:09:41 INFO  LotusController.markAttendance:67 markAttendance|UserId|1|START
2025-05-22 10:09:42 ERROR AttendanceService.markAttendance:107 markAttendance|UserId|1|Point|3|Exception|Could not write JSON: Java 8 date/time type `java.time.LocalDate` not supported by default: add Module "com.fasterxml.jackson.datatype:jackson-datatype-jsr310" to enable handling (through reference chain: com.wiinvent.demo.entity.User["birthday"])
org.springframework.data.redis.serializer.SerializationException: Could not write JSON: Java 8 date/time type `java.time.LocalDate` not supported by default: add Module "com.fasterxml.jackson.datatype:jackson-datatype-jsr310" to enable handling (through reference chain: com.wiinvent.demo.entity.User["birthday"])
	at org.springframework.data.redis.serializer.GenericJackson2JsonRedisSerializer.serialize(GenericJackson2JsonRedisSerializer.java:274) ~[spring-data-redis-3.4.5.jar:3.4.5]
	at org.springframework.data.redis.serializer.DefaultRedisElementWriter.write(DefaultRedisElementWriter.java:42) ~[spring-data-redis-3.4.5.jar:3.4.5]
	at org.springframework.data.redis.serializer.RedisSerializationContext$SerializationPair.write(RedisSerializationContext.java:292) ~[spring-data-redis-3.4.5.jar:3.4.5]
	at org.springframework.data.redis.cache.RedisCache.serializeCacheValue(RedisCache.java:343) ~[spring-data-redis-3.4.5.jar:3.4.5]
	at org.springframework.data.redis.cache.RedisCache.put(RedisCache.java:204) ~[spring-data-redis-3.4.5.jar:3.4.5]
	at org.springframework.cache.interceptor.AbstractCacheInvoker.doPut(AbstractCacheInvoker.java:157) ~[spring-context-6.2.6.jar:6.2.6]
	at org.springframework.cache.interceptor.CacheAspectSupport$CachePutRequest.performCachePut(CacheAspectSupport.java:1087) ~[spring-context-6.2.6.jar:6.2.6]
	at org.springframework.cache.interceptor.CacheAspectSupport$CachePutRequest.apply(CacheAspectSupport.java:1072) ~[spring-context-6.2.6.jar:6.2.6]
	at org.springframework.cache.interceptor.CacheAspectSupport.evaluate(CacheAspectSupport.java:616) ~[spring-context-6.2.6.jar:6.2.6]
	at org.springframework.cache.interceptor.CacheAspectSupport.execute(CacheAspectSupport.java:448) ~[spring-context-6.2.6.jar:6.2.6]
	at org.springframework.cache.interceptor.CacheAspectSupport.execute(CacheAspectSupport.java:410) ~[spring-context-6.2.6.jar:6.2.6]
	at org.springframework.cache.interceptor.CacheInterceptor.invoke(CacheInterceptor.java:65) ~[spring-context-6.2.6.jar:6.2.6]
	at org.springframework.aop.framework.ReflectiveMethodInvocation.proceed(ReflectiveMethodInvocation.java:184) ~[spring-aop-6.2.6.jar:6.2.6]
	at org.springframework.aop.framework.CglibAopProxy$DynamicAdvisedInterceptor.intercept(CglibAopProxy.java:728) ~[spring-aop-6.2.6.jar:6.2.6]
	at com.wiinvent.demo.service.CacheService$$SpringCGLIB$$0.updateUserInfo(<generated>) ~[classes/:?]
	at com.wiinvent.demo.service.AttendanceService.markAttendance(AttendanceService.java:99) ~[classes/:?]
	at java.base/jdk.internal.reflect.NativeMethodAccessorImpl.invoke0(Native Method) ~[?:?]
	at java.base/jdk.internal.reflect.NativeMethodAccessorImpl.invoke(NativeMethodAccessorImpl.java:77) ~[?:?]
	at java.base/jdk.internal.reflect.DelegatingMethodAccessorImpl.invoke(DelegatingMethodAccessorImpl.java:43) ~[?:?]
	at java.base/java.lang.reflect.Method.invoke(Method.java:568) ~[?:?]
	at org.springframework.aop.support.AopUtils.invokeJoinpointUsingReflection(AopUtils.java:359) ~[spring-aop-6.2.6.jar:6.2.6]
	at org.springframework.aop.framework.ReflectiveMethodInvocation.invokeJoinpoint(ReflectiveMethodInvocation.java:196) ~[spring-aop-6.2.6.jar:6.2.6]
	at org.springframework.aop.framework.ReflectiveMethodInvocation.proceed(ReflectiveMethodInvocation.java:163) ~[spring-aop-6.2.6.jar:6.2.6]
	at org.springframework.transaction.interceptor.TransactionAspectSupport.invokeWithinTransaction(TransactionAspectSupport.java:380) ~[spring-tx-6.2.6.jar:6.2.6]
	at org.springframework.transaction.interceptor.TransactionInterceptor.invoke(TransactionInterceptor.java:119) ~[spring-tx-6.2.6.jar:6.2.6]
	at org.springframework.aop.framework.ReflectiveMethodInvocation.proceed(ReflectiveMethodInvocation.java:184) ~[spring-aop-6.2.6.jar:6.2.6]
	at org.springframework.aop.framework.CglibAopProxy$DynamicAdvisedInterceptor.intercept(CglibAopProxy.java:728) ~[spring-aop-6.2.6.jar:6.2.6]
	at com.wiinvent.demo.service.AttendanceService$$SpringCGLIB$$0.markAttendance(<generated>) ~[classes/:?]
	at com.wiinvent.demo.controller.LotusController.markAttendance(LotusController.java:80) ~[classes/:?]
	at java.base/jdk.internal.reflect.NativeMethodAccessorImpl.invoke0(Native Method) ~[?:?]
	at java.base/jdk.internal.reflect.NativeMethodAccessorImpl.invoke(NativeMethodAccessorImpl.java:77) ~[?:?]
	at java.base/jdk.internal.reflect.DelegatingMethodAccessorImpl.invoke(DelegatingMethodAccessorImpl.java:43) ~[?:?]
	at java.base/java.lang.reflect.Method.invoke(Method.java:568) ~[?:?]
	at org.springframework.web.method.support.InvocableHandlerMethod.doInvoke(InvocableHandlerMethod.java:258) ~[spring-web-6.2.6.jar:6.2.6]
	at org.springframework.web.method.support.InvocableHandlerMethod.invokeForRequest(InvocableHandlerMethod.java:191) ~[spring-web-6.2.6.jar:6.2.6]
	at org.springframework.web.servlet.mvc.method.annotation.ServletInvocableHandlerMethod.invokeAndHandle(ServletInvocableHandlerMethod.java:118) ~[spring-webmvc-6.2.6.jar:6.2.6]
	at org.springframework.web.servlet.mvc.method.annotation.RequestMappingHandlerAdapter.invokeHandlerMethod(RequestMappingHandlerAdapter.java:986) ~[spring-webmvc-6.2.6.jar:6.2.6]
	at org.springframework.web.servlet.mvc.method.annotation.RequestMappingHandlerAdapter.handleInternal(RequestMappingHandlerAdapter.java:891) ~[spring-webmvc-6.2.6.jar:6.2.6]
	at org.springframework.web.servlet.mvc.method.AbstractHandlerMethodAdapter.handle(AbstractHandlerMethodAdapter.java:87) ~[spring-webmvc-6.2.6.jar:6.2.6]
	at org.springframework.web.servlet.DispatcherServlet.doDispatch(DispatcherServlet.java:1089) ~[spring-webmvc-6.2.6.jar:6.2.6]
	at org.springframework.web.servlet.DispatcherServlet.doService(DispatcherServlet.java:979) ~[spring-webmvc-6.2.6.jar:6.2.6]
	at org.springframework.web.servlet.FrameworkServlet.processRequest(FrameworkServlet.java:1014) ~[spring-webmvc-6.2.6.jar:6.2.6]
	at org.springframework.web.servlet.FrameworkServlet.doPost(FrameworkServlet.java:914) ~[spring-webmvc-6.2.6.jar:6.2.6]
	at jakarta.servlet.http.HttpServlet.service(HttpServlet.java:590) ~[tomcat-embed-core-10.1.40.jar:6.0]
	at org.springframework.web.servlet.FrameworkServlet.service(FrameworkServlet.java:885) ~[spring-webmvc-6.2.6.jar:6.2.6]
	at jakarta.servlet.http.HttpServlet.service(HttpServlet.java:658) ~[tomcat-embed-core-10.1.40.jar:6.0]
	at org.apache.catalina.core.ApplicationFilterChain.internalDoFilter(ApplicationFilterChain.java:195) ~[tomcat-embed-core-10.1.40.jar:10.1.40]
	at org.apache.catalina.core.ApplicationFilterChain.doFilter(ApplicationFilterChain.java:140) ~[tomcat-embed-core-10.1.40.jar:10.1.40]
	at org.apache.tomcat.websocket.server.WsFilter.doFilter(WsFilter.java:51) ~[tomcat-embed-websocket-10.1.40.jar:10.1.40]
	at org.apache.catalina.core.ApplicationFilterChain.internalDoFilter(ApplicationFilterChain.java:164) ~[tomcat-embed-core-10.1.40.jar:10.1.40]
	at org.apache.catalina.core.ApplicationFilterChain.doFilter(ApplicationFilterChain.java:140) ~[tomcat-embed-core-10.1.40.jar:10.1.40]
	at org.springframework.web.filter.OncePerRequestFilter.doFilter(OncePerRequestFilter.java:110) ~[spring-web-6.2.6.jar:6.2.6]
	at org.apache.catalina.core.ApplicationFilterChain.internalDoFilter(ApplicationFilterChain.java:164) ~[tomcat-embed-core-10.1.40.jar:10.1.40]
	at org.apache.catalina.core.ApplicationFilterChain.doFilter(ApplicationFilterChain.java:140) ~[tomcat-embed-core-10.1.40.jar:10.1.40]
	at org.springframework.web.filter.CompositeFilter$VirtualFilterChain.doFilter(CompositeFilter.java:108) ~[spring-web-6.2.6.jar:6.2.6]
	at org.springframework.security.web.FilterChainProxy.lambda$doFilterInternal$3(FilterChainProxy.java:231) ~[spring-security-web-6.4.5.jar:6.4.5]
	at org.springframework.security.web.FilterChainProxy$VirtualFilterChain.doFilter(FilterChainProxy.java:365) ~[spring-security-web-6.4.5.jar:6.4.5]
	at org.springframework.security.web.access.intercept.AuthorizationFilter.doFilter(AuthorizationFilter.java:101) ~[spring-security-web-6.4.5.jar:6.4.5]
	at org.springframework.security.web.FilterChainProxy$VirtualFilterChain.doFilter(FilterChainProxy.java:374) ~[spring-security-web-6.4.5.jar:6.4.5]
	at org.springframework.security.web.access.ExceptionTranslationFilter.doFilter(ExceptionTranslationFilter.java:126) ~[spring-security-web-6.4.5.jar:6.4.5]
	at org.springframework.security.web.access.ExceptionTranslationFilter.doFilter(ExceptionTranslationFilter.java:120) ~[spring-security-web-6.4.5.jar:6.4.5]
	at org.springframework.security.web.FilterChainProxy$VirtualFilterChain.doFilter(FilterChainProxy.java:374) ~[spring-security-web-6.4.5.jar:6.4.5]
	at org.springframework.security.web.authentication.AnonymousAuthenticationFilter.doFilter(AnonymousAuthenticationFilter.java:100) ~[spring-security-web-6.4.5.jar:6.4.5]
	at org.springframework.security.web.FilterChainProxy$VirtualFilterChain.doFilter(FilterChainProxy.java:374) ~[spring-security-web-6.4.5.jar:6.4.5]
	at org.springframework.security.web.servletapi.SecurityContextHolderAwareRequestFilter.doFilter(SecurityContextHolderAwareRequestFilter.java:179) ~[spring-security-web-6.4.5.jar:6.4.5]
	at org.springframework.security.web.FilterChainProxy$VirtualFilterChain.doFilter(FilterChainProxy.java:374) ~[spring-security-web-6.4.5.jar:6.4.5]
	at org.springframework.security.web.savedrequest.RequestCacheAwareFilter.doFilter(RequestCacheAwareFilter.java:63) ~[spring-security-web-6.4.5.jar:6.4.5]
	at org.springframework.security.web.FilterChainProxy$VirtualFilterChain.doFilter(FilterChainProxy.java:374) ~[spring-security-web-6.4.5.jar:6.4.5]
	at com.wiinvent.demo.utils.JwtAuthFilter.doFilterInternal(JwtAuthFilter.java:49) ~[classes/:?]
	at org.springframework.web.filter.OncePerRequestFilter.doFilter(OncePerRequestFilter.java:116) ~[spring-web-6.2.6.jar:6.2.6]
	at org.springframework.security.web.FilterChainProxy$VirtualFilterChain.doFilter(FilterChainProxy.java:374) ~[spring-security-web-6.4.5.jar:6.4.5]
	at org.springframework.security.web.authentication.logout.LogoutFilter.doFilter(LogoutFilter.java:107) ~[spring-security-web-6.4.5.jar:6.4.5]
	at org.springframework.security.web.authentication.logout.LogoutFilter.doFilter(LogoutFilter.java:93) ~[spring-security-web-6.4.5.jar:6.4.5]
	at org.springframework.security.web.FilterChainProxy$VirtualFilterChain.doFilter(FilterChainProxy.java:374) ~[spring-security-web-6.4.5.jar:6.4.5]
	at org.springframework.web.filter.CorsFilter.doFilterInternal(CorsFilter.java:91) ~[spring-web-6.2.6.jar:6.2.6]
	at org.springframework.web.filter.OncePerRequestFilter.doFilter(OncePerRequestFilter.java:116) ~[spring-web-6.2.6.jar:6.2.6]
	at org.springframework.security.web.FilterChainProxy$VirtualFilterChain.doFilter(FilterChainProxy.java:374) ~[spring-security-web-6.4.5.jar:6.4.5]
	at org.springframework.security.web.header.HeaderWriterFilter.doHeadersAfter(HeaderWriterFilter.java:90) ~[spring-security-web-6.4.5.jar:6.4.5]
	at org.springframework.security.web.header.HeaderWriterFilter.doFilterInternal(HeaderWriterFilter.java:75) ~[spring-security-web-6.4.5.jar:6.4.5]
	at org.springframework.web.filter.OncePerRequestFilter.doFilter(OncePerRequestFilter.java:116) ~[spring-web-6.2.6.jar:6.2.6]
	at org.springframework.security.web.FilterChainProxy$VirtualFilterChain.doFilter(FilterChainProxy.java:374) ~[spring-security-web-6.4.5.jar:6.4.5]
	at org.springframework.security.web.context.SecurityContextHolderFilter.doFilter(SecurityContextHolderFilter.java:82) ~[spring-security-web-6.4.5.jar:6.4.5]
	at org.springframework.security.web.context.SecurityContextHolderFilter.doFilter(SecurityContextHolderFilter.java:69) ~[spring-security-web-6.4.5.jar:6.4.5]
	at org.springframework.security.web.FilterChainProxy$VirtualFilterChain.doFilter(FilterChainProxy.java:374) ~[spring-security-web-6.4.5.jar:6.4.5]
	at org.springframework.security.web.context.request.async.WebAsyncManagerIntegrationFilter.doFilterInternal(WebAsyncManagerIntegrationFilter.java:62) ~[spring-security-web-6.4.5.jar:6.4.5]
	at org.springframework.web.filter.OncePerRequestFilter.doFilter(OncePerRequestFilter.java:116) ~[spring-web-6.2.6.jar:6.2.6]
	at org.springframework.security.web.FilterChainProxy$VirtualFilterChain.doFilter(FilterChainProxy.java:374) ~[spring-security-web-6.4.5.jar:6.4.5]
	at org.springframework.security.web.session.DisableEncodeUrlFilter.doFilterInternal(DisableEncodeUrlFilter.java:42) ~[spring-security-web-6.4.5.jar:6.4.5]
	at org.springframework.web.filter.OncePerRequestFilter.doFilter(OncePerRequestFilter.java:116) ~[spring-web-6.2.6.jar:6.2.6]
	at org.springframework.security.web.FilterChainProxy$VirtualFilterChain.doFilter(FilterChainProxy.java:374) ~[spring-security-web-6.4.5.jar:6.4.5]
	at org.springframework.security.web.FilterChainProxy.doFilterInternal(FilterChainProxy.java:233) ~[spring-security-web-6.4.5.jar:6.4.5]
	at org.springframework.security.web.FilterChainProxy.doFilter(FilterChainProxy.java:191) ~[spring-security-web-6.4.5.jar:6.4.5]
	at org.springframework.web.filter.CompositeFilter$VirtualFilterChain.doFilter(CompositeFilter.java:113) ~[spring-web-6.2.6.jar:6.2.6]
	at org.springframework.web.servlet.handler.HandlerMappingIntrospector.lambda$createCacheFilter$3(HandlerMappingIntrospector.java:243) ~[spring-webmvc-6.2.6.jar:6.2.6]
	at org.springframework.web.filter.CompositeFilter$VirtualFilterChain.doFilter(CompositeFilter.java:113) [spring-web-6.2.6.jar:6.2.6]
	at org.springframework.web.filter.CompositeFilter.doFilter(CompositeFilter.java:74) [spring-web-6.2.6.jar:6.2.6]
	at org.springframework.security.config.annotation.web.configuration.WebMvcSecurityConfiguration$CompositeFilterChainProxy.doFilter(WebMvcSecurityConfiguration.java:238) [spring-security-config-6.4.5.jar:6.4.5]
	at org.springframework.web.filter.DelegatingFilterProxy.invokeDelegate(DelegatingFilterProxy.java:362) [spring-web-6.2.6.jar:6.2.6]
	at org.springframework.web.filter.DelegatingFilterProxy.doFilter(DelegatingFilterProxy.java:278) [spring-web-6.2.6.jar:6.2.6]
	at org.apache.catalina.core.ApplicationFilterChain.internalDoFilter(ApplicationFilterChain.java:164) [tomcat-embed-core-10.1.40.jar:10.1.40]
	at org.apache.catalina.core.ApplicationFilterChain.doFilter(ApplicationFilterChain.java:140) [tomcat-embed-core-10.1.40.jar:10.1.40]
	at org.springframework.web.filter.RequestContextFilter.doFilterInternal(RequestContextFilter.java:100) [spring-web-6.2.6.jar:6.2.6]
	at org.springframework.web.filter.OncePerRequestFilter.doFilter(OncePerRequestFilter.java:116) [spring-web-6.2.6.jar:6.2.6]
	at org.apache.catalina.core.ApplicationFilterChain.internalDoFilter(ApplicationFilterChain.java:164) [tomcat-embed-core-10.1.40.jar:10.1.40]
	at org.apache.catalina.core.ApplicationFilterChain.doFilter(ApplicationFilterChain.java:140) [tomcat-embed-core-10.1.40.jar:10.1.40]
	at org.springframework.web.filter.FormContentFilter.doFilterInternal(FormContentFilter.java:93) [spring-web-6.2.6.jar:6.2.6]
	at org.springframework.web.filter.OncePerRequestFilter.doFilter(OncePerRequestFilter.java:116) [spring-web-6.2.6.jar:6.2.6]
	at org.apache.catalina.core.ApplicationFilterChain.internalDoFilter(ApplicationFilterChain.java:164) [tomcat-embed-core-10.1.40.jar:10.1.40]
	at org.apache.catalina.core.ApplicationFilterChain.doFilter(ApplicationFilterChain.java:140) [tomcat-embed-core-10.1.40.jar:10.1.40]
	at org.springframework.web.filter.CharacterEncodingFilter.doFilterInternal(CharacterEncodingFilter.java:201) [spring-web-6.2.6.jar:6.2.6]
	at org.springframework.web.filter.OncePerRequestFilter.doFilter(OncePerRequestFilter.java:116) [spring-web-6.2.6.jar:6.2.6]
	at org.apache.catalina.core.ApplicationFilterChain.internalDoFilter(ApplicationFilterChain.java:164) [tomcat-embed-core-10.1.40.jar:10.1.40]
	at org.apache.catalina.core.ApplicationFilterChain.doFilter(ApplicationFilterChain.java:140) [tomcat-embed-core-10.1.40.jar:10.1.40]
	at org.apache.catalina.core.StandardWrapperValve.invoke(StandardWrapperValve.java:167) [tomcat-embed-core-10.1.40.jar:10.1.40]
	at org.apache.catalina.core.StandardContextValve.invoke(StandardContextValve.java:90) [tomcat-embed-core-10.1.40.jar:10.1.40]
	at org.apache.catalina.authenticator.AuthenticatorBase.invoke(AuthenticatorBase.java:483) [tomcat-embed-core-10.1.40.jar:10.1.40]
	at org.apache.catalina.core.StandardHostValve.invoke(StandardHostValve.java:116) [tomcat-embed-core-10.1.40.jar:10.1.40]
	at org.apache.catalina.valves.ErrorReportValve.invoke(ErrorReportValve.java:93) [tomcat-embed-core-10.1.40.jar:10.1.40]
	at org.apache.catalina.core.StandardEngineValve.invoke(StandardEngineValve.java:74) [tomcat-embed-core-10.1.40.jar:10.1.40]
	at org.apache.catalina.connector.CoyoteAdapter.service(CoyoteAdapter.java:344) [tomcat-embed-core-10.1.40.jar:10.1.40]
	at org.apache.coyote.http11.Http11Processor.service(Http11Processor.java:398) [tomcat-embed-core-10.1.40.jar:10.1.40]
	at org.apache.coyote.AbstractProcessorLight.process(AbstractProcessorLight.java:63) [tomcat-embed-core-10.1.40.jar:10.1.40]
	at org.apache.coyote.AbstractProtocol$ConnectionHandler.process(AbstractProtocol.java:903) [tomcat-embed-core-10.1.40.jar:10.1.40]
	at org.apache.tomcat.util.net.NioEndpoint$SocketProcessor.doRun(NioEndpoint.java:1740) [tomcat-embed-core-10.1.40.jar:10.1.40]
	at org.apache.tomcat.util.net.SocketProcessorBase.run(SocketProcessorBase.java:52) [tomcat-embed-core-10.1.40.jar:10.1.40]
	at org.apache.tomcat.util.threads.ThreadPoolExecutor.runWorker(ThreadPoolExecutor.java:1189) [tomcat-embed-core-10.1.40.jar:10.1.40]
	at org.apache.tomcat.util.threads.ThreadPoolExecutor$Worker.run(ThreadPoolExecutor.java:658) [tomcat-embed-core-10.1.40.jar:10.1.40]
	at org.apache.tomcat.util.threads.TaskThread$WrappingRunnable.run(TaskThread.java:63) [tomcat-embed-core-10.1.40.jar:10.1.40]
	at java.base/java.lang.Thread.run(Thread.java:842) [?:?]
Caused by: com.fasterxml.jackson.databind.exc.InvalidDefinitionException: Java 8 date/time type `java.time.LocalDate` not supported by default: add Module "com.fasterxml.jackson.datatype:jackson-datatype-jsr310" to enable handling (through reference chain: com.wiinvent.demo.entity.User["birthday"])
	at com.fasterxml.jackson.databind.exc.InvalidDefinitionException.from(InvalidDefinitionException.java:77) ~[jackson-databind-2.18.3.jar:2.18.3]
	at com.fasterxml.jackson.databind.SerializerProvider.reportBadDefinition(SerializerProvider.java:1340) ~[jackson-databind-2.18.3.jar:2.18.3]
	at com.fasterxml.jackson.databind.ser.impl.UnsupportedTypeSerializer.serialize(UnsupportedTypeSerializer.java:35) ~[jackson-databind-2.18.3.jar:2.18.3]
	at com.fasterxml.jackson.databind.ser.BeanPropertyWriter.serializeAsField(BeanPropertyWriter.java:732) ~[jackson-databind-2.18.3.jar:2.18.3]
	at com.fasterxml.jackson.databind.ser.std.BeanSerializerBase.serializeFields(BeanSerializerBase.java:770) ~[jackson-databind-2.18.3.jar:2.18.3]
	at com.fasterxml.jackson.databind.ser.std.BeanSerializerBase.serializeWithType(BeanSerializerBase.java:653) ~[jackson-databind-2.18.3.jar:2.18.3]
	at com.fasterxml.jackson.databind.ser.impl.TypeWrappedSerializer.serialize(TypeWrappedSerializer.java:32) ~[jackson-databind-2.18.3.jar:2.18.3]
	at com.fasterxml.jackson.databind.ser.DefaultSerializerProvider._serialize(DefaultSerializerProvider.java:502) ~[jackson-databind-2.18.3.jar:2.18.3]
	at com.fasterxml.jackson.databind.ser.DefaultSerializerProvider.serializeValue(DefaultSerializerProvider.java:341) ~[jackson-databind-2.18.3.jar:2.18.3]
	at com.fasterxml.jackson.databind.ObjectMapper._writeValueAndClose(ObjectMapper.java:4819) ~[jackson-databind-2.18.3.jar:2.18.3]
	at com.fasterxml.jackson.databind.ObjectMapper.writeValueAsBytes(ObjectMapper.java:4085) ~[jackson-databind-2.18.3.jar:2.18.3]
	at org.springframework.data.redis.serializer.GenericJackson2JsonRedisSerializer.serialize(GenericJackson2JsonRedisSerializer.java:272) ~[spring-data-redis-3.4.5.jar:3.4.5]
	... 128 more
2025-05-22 10:09:42 INFO  LotusController.markAttendance:82 markAttendance|UserId|1|ExecuteTime|133
2025-05-22 10:12:40 INFO  GracefulShutdown.shutDownGracefully:54 Commencing graceful shutdown. Waiting for active requests to complete
2025-05-22 10:12:40 INFO  GracefulShutdown.doShutdown:76 Graceful shutdown complete
2025-05-22 10:12:40 INFO  LocalContainerEntityManagerFactoryBean.destroy:660 Closing JPA EntityManagerFactory for persistence unit 'mysqlPU'
2025-05-22 10:12:40 INFO  HikariDataSource.close:350 HikariPool-1 - Shutdown initiated...
2025-05-22 10:12:40 INFO  HikariDataSource.close:352 HikariPool-1 - Shutdown completed.
2025-05-22 10:12:45 INFO  Version.<clinit>:21 HV000001: Hibernate Validator 8.0.2.Final
2025-05-22 10:12:45 INFO  DemoApplication.logStarting:53 Starting DemoApplication using Java 17.0.9 with PID 12964 (D:\Wiinvent\demo\demo\target\classes started by Hieu in D:\Wiinvent\demo\demo)
2025-05-22 10:12:45 INFO  DemoApplication.logStartupProfileInfo:652 No active profile set, falling back to 1 default profile: "default"
2025-05-22 10:12:45 INFO  DevToolsPropertyDefaultsPostProcessor.logTo:252 Devtools property defaults active! Set 'spring.devtools.add-properties' to 'false' to disable
2025-05-22 10:12:45 INFO  DevToolsPropertyDefaultsPostProcessor.logTo:252 For additional web related logging consider setting the 'logging.level.web' property to 'DEBUG'
2025-05-22 10:12:46 INFO  RepositoryConfigurationDelegate.multipleStoresDetected:295 Multiple Spring Data modules found, entering strict repository configuration mode
2025-05-22 10:12:46 INFO  RepositoryConfigurationDelegate.registerRepositoriesIn:143 Bootstrapping Spring Data JPA repositories in DEFAULT mode.
2025-05-22 10:12:46 INFO  RepositoryConfigurationDelegate.registerRepositoriesIn:211 Finished Spring Data repository scanning in 140 ms. Found 4 JPA repository interfaces.
2025-05-22 10:12:47 INFO  RepositoryConfigurationDelegate.multipleStoresDetected:295 Multiple Spring Data modules found, entering strict repository configuration mode
2025-05-22 10:12:47 INFO  RepositoryConfigurationDelegate.registerRepositoriesIn:143 Bootstrapping Spring Data Redis repositories in DEFAULT mode.
2025-05-22 10:12:47 INFO  RepositoryConfigurationExtensionSupport.isStrictRepositoryCandidate:327 Spring Data Redis - Could not safely identify store assignment for repository candidate interface com.wiinvent.demo.repo.AttendanceConfigRepository; If you want this repository to be a Redis repository, consider annotating your entities with one of these annotations: org.springframework.data.redis.core.RedisHash (preferred), or consider extending one of the following types with your repository: org.springframework.data.keyvalue.repository.KeyValueRepository
2025-05-22 10:12:47 INFO  RepositoryConfigurationExtensionSupport.isStrictRepositoryCandidate:327 Spring Data Redis - Could not safely identify store assignment for repository candidate interface com.wiinvent.demo.repo.AttendanceRepository; If you want this repository to be a Redis repository, consider annotating your entities with one of these annotations: org.springframework.data.redis.core.RedisHash (preferred), or consider extending one of the following types with your repository: org.springframework.data.keyvalue.repository.KeyValueRepository
2025-05-22 10:12:47 INFO  RepositoryConfigurationExtensionSupport.isStrictRepositoryCandidate:327 Spring Data Redis - Could not safely identify store assignment for repository candidate interface com.wiinvent.demo.repo.PointHistoryRepository; If you want this repository to be a Redis repository, consider annotating your entities with one of these annotations: org.springframework.data.redis.core.RedisHash (preferred), or consider extending one of the following types with your repository: org.springframework.data.keyvalue.repository.KeyValueRepository
2025-05-22 10:12:47 INFO  RepositoryConfigurationExtensionSupport.isStrictRepositoryCandidate:327 Spring Data Redis - Could not safely identify store assignment for repository candidate interface com.wiinvent.demo.repo.UserRepository; If you want this repository to be a Redis repository, consider annotating your entities with one of these annotations: org.springframework.data.redis.core.RedisHash (preferred), or consider extending one of the following types with your repository: org.springframework.data.keyvalue.repository.KeyValueRepository
2025-05-22 10:12:47 INFO  RepositoryConfigurationDelegate.registerRepositoriesIn:211 Finished Spring Data repository scanning in 20 ms. Found 0 Redis repository interfaces.
2025-05-22 10:12:48 INFO  TomcatWebServer.initialize:111 Tomcat initialized with port 8081 (http)
2025-05-22 10:12:48 INFO  Http11NioProtocol.log:168 Initializing ProtocolHandler ["http-nio-8081"]
2025-05-22 10:12:48 INFO  StandardService.log:168 Starting service [Tomcat]
2025-05-22 10:12:48 INFO  StandardEngine.log:168 Starting Servlet engine: [Apache Tomcat/10.1.40]
2025-05-22 10:12:48 INFO  [/].log:168 Initializing Spring embedded WebApplicationContext
2025-05-22 10:12:48 INFO  ServletWebServerApplicationContext.prepareWebApplicationContext:301 Root WebApplicationContext: initialization completed in 2274 ms
2025-05-22 10:12:48 INFO  HikariDataSource.getConnection:110 HikariPool-1 - Starting...
2025-05-22 10:12:48 INFO  HikariDataSource.getConnection:123 HikariPool-1 - Start completed.
2025-05-22 10:12:49 INFO  changelog.log:37 Reading from gaming_db.databasechangelog
2025-05-22 10:12:49 INFO  ui.log:37 Database is up to date, no changesets to execute
2025-05-22 10:12:49 INFO  changelog.log:37 Reading from gaming_db.databasechangelog
2025-05-22 10:12:49 INFO  util.log:37 UPDATE SUMMARY
2025-05-22 10:12:49 INFO  util.log:37 Run:                          0
2025-05-22 10:12:49 INFO  util.log:37 Previously run:               4
2025-05-22 10:12:49 INFO  util.log:37 Filtered out:                 0
2025-05-22 10:12:49 INFO  util.log:37 -------------------------------
2025-05-22 10:12:49 INFO  util.log:37 Total change sets:            4
2025-05-22 10:12:49 INFO  util.log:37 Update summary generated
2025-05-22 10:12:49 INFO  command.log:37 Command execution complete
2025-05-22 10:12:49 INFO  LogHelper.logPersistenceUnitInformation:31 HHH000204: Processing PersistenceUnitInfo [name: mysqlPU]
2025-05-22 10:12:49 INFO  Version.logVersion:44 HHH000412: Hibernate ORM core version 6.6.13.Final
2025-05-22 10:12:49 INFO  RegionFactoryInitiator.initiateService:50 HHH000026: Second-level cache disabled
2025-05-22 10:12:50 INFO  SpringPersistenceUnitInfo.addTransformer:87 No LoadTimeWeaver setup: ignoring JPA class transformer
2025-05-22 10:12:50 WARN  deprecation.constructDialect:153 HHH90000025: MySQLDialect does not need to be specified explicitly using 'hibernate.dialect' (remove the property setting and it will be selected by default)
2025-05-22 10:12:50 INFO  pooling.initiateService:157 HHH10001005: Database info:
	Database JDBC URL [Connecting through datasource 'HikariDataSource (HikariPool-1)']
	Database driver: undefined/unknown
	Database version: 8.0.32
	Autocommit mode: undefined/unknown
	Isolation level: undefined/unknown
	Minimum pool size: undefined/unknown
	Maximum pool size: undefined/unknown
2025-05-22 10:12:51 INFO  JtaPlatformInitiator.initiateService:59 HHH000489: No JTA platform available (set 'hibernate.transaction.jta.platform' to enable JTA platform integration)
2025-05-22 10:12:51 INFO  LocalContainerEntityManagerFactoryBean.buildNativeEntityManagerFactory:447 Initialized JPA EntityManagerFactory for persistence unit 'mysqlPU'
2025-05-22 10:12:51 INFO  LotusPointLoader.loadConfig:31 Load config success|ExecuteTime|165
2025-05-22 10:12:51 INFO  QueryEnhancerFactory.<clinit>:49 Hibernate is in classpath; If applicable, HQL parser will be used.
2025-05-22 10:12:52 WARN  JpaBaseConfiguration$JpaWebConfiguration.openEntityManagerInViewInterceptor:258 spring.jpa.open-in-view is enabled by default. Therefore, database queries may be performed during view rendering. Explicitly configure spring.jpa.open-in-view to disable this warning
2025-05-22 10:12:52 WARN  UserDetailsServiceAutoConfiguration.getOrDeducePassword:90 

Using generated security password: 1d572207-b92e-4bb8-9250-251c206f3f0c

This generated password is for development use only. Your security configuration must be updated before running your application in production.

2025-05-22 10:12:52 INFO  InitializeUserDetailsBeanManagerConfigurer$InitializeUserDetailsManagerConfigurer.configure:114 Global AuthenticationManager configured with UserDetailsService bean with name inMemoryUserDetailsManager
2025-05-22 10:12:53 INFO  OptionalLiveReloadServer.startServer:59 LiveReload server is running on port 35729
2025-05-22 10:12:53 INFO  Http11NioProtocol.log:168 Starting ProtocolHandler ["http-nio-8081"]
2025-05-22 10:12:53 INFO  TomcatWebServer.start:243 Tomcat started on port 8081 (http) with context path '/'
2025-05-22 10:12:53 INFO  DemoApplication.logStarted:59 Started DemoApplication in 8.283 seconds (process running for 9.257)
2025-05-22 10:13:55 INFO  [/].log:168 Initializing Spring DispatcherServlet 'dispatcherServlet'
2025-05-22 10:13:55 INFO  DispatcherServlet.initServletBean:532 Initializing Servlet 'dispatcherServlet'
2025-05-22 10:13:55 INFO  DispatcherServlet.initServletBean:554 Completed initialization in 1 ms
2025-05-22 10:13:55 INFO  UserController.getUserInfo:71 getUserInfo|UserId|1|START
2025-05-22 10:13:56 INFO  UserController.getUserInfo:84 getUserInfo|UserId|1|ExecuteTime|582
2025-05-22 10:13:58 INFO  LotusController.getListAttendance:38 getListAttendance|UserId|1|START
2025-05-22 10:13:59 INFO  LotusController.getListAttendance:51 getListAttendance|UserId|1|ExecuteTime|61
2025-05-22 10:14:03 INFO  LotusController.markAttendance:67 markAttendance|UserId|1|START
2025-05-22 10:14:04 INFO  LotusController.markAttendance:82 markAttendance|UserId|1|ExecuteTime|148
2025-05-22 10:14:10 INFO  UserController.getUserInfo:71 getUserInfo|UserId|1|START
2025-05-22 10:14:10 INFO  UserController.getUserInfo:84 getUserInfo|UserId|1|ExecuteTime|3
2025-05-22 10:14:13 INFO  LotusController.getListAttendance:38 getListAttendance|UserId|1|START
2025-05-22 10:14:13 INFO  LotusController.getListAttendance:51 getListAttendance|UserId|1|ExecuteTime|13
2025-05-22 10:17:25 INFO  GracefulShutdown.shutDownGracefully:54 Commencing graceful shutdown. Waiting for active requests to complete
2025-05-22 10:17:25 INFO  GracefulShutdown.doShutdown:76 Graceful shutdown complete
2025-05-22 10:17:26 INFO  LocalContainerEntityManagerFactoryBean.destroy:660 Closing JPA EntityManagerFactory for persistence unit 'mysqlPU'
2025-05-22 10:17:26 INFO  HikariDataSource.close:350 HikariPool-1 - Shutdown initiated...
2025-05-22 10:17:26 INFO  HikariDataSource.close:352 HikariPool-1 - Shutdown completed.
2025-05-22 10:17:30 INFO  Version.<clinit>:21 HV000001: Hibernate Validator 8.0.2.Final
2025-05-22 10:17:30 INFO  DemoApplication.logStarting:53 Starting DemoApplication using Java 17.0.9 with PID 20208 (D:\Wiinvent\demo\demo\target\classes started by Hieu in D:\Wiinvent\demo\demo)
2025-05-22 10:17:30 INFO  DemoApplication.logStartupProfileInfo:652 No active profile set, falling back to 1 default profile: "default"
2025-05-22 10:17:31 INFO  DevToolsPropertyDefaultsPostProcessor.logTo:252 Devtools property defaults active! Set 'spring.devtools.add-properties' to 'false' to disable
2025-05-22 10:17:31 INFO  DevToolsPropertyDefaultsPostProcessor.logTo:252 For additional web related logging consider setting the 'logging.level.web' property to 'DEBUG'
2025-05-22 10:17:31 INFO  RepositoryConfigurationDelegate.multipleStoresDetected:295 Multiple Spring Data modules found, entering strict repository configuration mode
2025-05-22 10:17:31 INFO  RepositoryConfigurationDelegate.registerRepositoriesIn:143 Bootstrapping Spring Data JPA repositories in DEFAULT mode.
2025-05-22 10:17:31 INFO  RepositoryConfigurationDelegate.registerRepositoriesIn:211 Finished Spring Data repository scanning in 133 ms. Found 4 JPA repository interfaces.
2025-05-22 10:17:32 INFO  RepositoryConfigurationDelegate.multipleStoresDetected:295 Multiple Spring Data modules found, entering strict repository configuration mode
2025-05-22 10:17:32 INFO  RepositoryConfigurationDelegate.registerRepositoriesIn:143 Bootstrapping Spring Data Redis repositories in DEFAULT mode.
2025-05-22 10:17:32 INFO  RepositoryConfigurationExtensionSupport.isStrictRepositoryCandidate:327 Spring Data Redis - Could not safely identify store assignment for repository candidate interface com.wiinvent.demo.repo.AttendanceConfigRepository; If you want this repository to be a Redis repository, consider annotating your entities with one of these annotations: org.springframework.data.redis.core.RedisHash (preferred), or consider extending one of the following types with your repository: org.springframework.data.keyvalue.repository.KeyValueRepository
2025-05-22 10:17:32 INFO  RepositoryConfigurationExtensionSupport.isStrictRepositoryCandidate:327 Spring Data Redis - Could not safely identify store assignment for repository candidate interface com.wiinvent.demo.repo.AttendanceRepository; If you want this repository to be a Redis repository, consider annotating your entities with one of these annotations: org.springframework.data.redis.core.RedisHash (preferred), or consider extending one of the following types with your repository: org.springframework.data.keyvalue.repository.KeyValueRepository
2025-05-22 10:17:32 INFO  RepositoryConfigurationExtensionSupport.isStrictRepositoryCandidate:327 Spring Data Redis - Could not safely identify store assignment for repository candidate interface com.wiinvent.demo.repo.PointHistoryRepository; If you want this repository to be a Redis repository, consider annotating your entities with one of these annotations: org.springframework.data.redis.core.RedisHash (preferred), or consider extending one of the following types with your repository: org.springframework.data.keyvalue.repository.KeyValueRepository
2025-05-22 10:17:32 INFO  RepositoryConfigurationExtensionSupport.isStrictRepositoryCandidate:327 Spring Data Redis - Could not safely identify store assignment for repository candidate interface com.wiinvent.demo.repo.UserRepository; If you want this repository to be a Redis repository, consider annotating your entities with one of these annotations: org.springframework.data.redis.core.RedisHash (preferred), or consider extending one of the following types with your repository: org.springframework.data.keyvalue.repository.KeyValueRepository
2025-05-22 10:17:32 INFO  RepositoryConfigurationDelegate.registerRepositoriesIn:211 Finished Spring Data repository scanning in 22 ms. Found 0 Redis repository interfaces.
2025-05-22 10:17:33 INFO  TomcatWebServer.initialize:111 Tomcat initialized with port 8081 (http)
2025-05-22 10:17:33 INFO  Http11NioProtocol.log:168 Initializing ProtocolHandler ["http-nio-8081"]
2025-05-22 10:17:33 INFO  StandardService.log:168 Starting service [Tomcat]
2025-05-22 10:17:33 INFO  StandardEngine.log:168 Starting Servlet engine: [Apache Tomcat/10.1.40]
2025-05-22 10:17:33 INFO  [/].log:168 Initializing Spring embedded WebApplicationContext
2025-05-22 10:17:33 INFO  ServletWebServerApplicationContext.prepareWebApplicationContext:301 Root WebApplicationContext: initialization completed in 2271 ms
2025-05-22 10:17:33 INFO  HikariDataSource.getConnection:110 HikariPool-1 - Starting...
2025-05-22 10:17:33 INFO  HikariDataSource.getConnection:123 HikariPool-1 - Start completed.
2025-05-22 10:17:34 INFO  changelog.log:37 Reading from gaming_db.databasechangelog
2025-05-22 10:17:34 INFO  ui.log:37 Database is up to date, no changesets to execute
2025-05-22 10:17:34 INFO  changelog.log:37 Reading from gaming_db.databasechangelog
2025-05-22 10:17:34 INFO  util.log:37 UPDATE SUMMARY
2025-05-22 10:17:34 INFO  util.log:37 Run:                          0
2025-05-22 10:17:34 INFO  util.log:37 Previously run:               4
2025-05-22 10:17:34 INFO  util.log:37 Filtered out:                 0
2025-05-22 10:17:34 INFO  util.log:37 -------------------------------
2025-05-22 10:17:34 INFO  util.log:37 Total change sets:            4
2025-05-22 10:17:34 INFO  util.log:37 Update summary generated
2025-05-22 10:17:34 INFO  command.log:37 Command execution complete
2025-05-22 10:17:34 INFO  LogHelper.logPersistenceUnitInformation:31 HHH000204: Processing PersistenceUnitInfo [name: mysqlPU]
2025-05-22 10:17:34 INFO  Version.logVersion:44 HHH000412: Hibernate ORM core version 6.6.13.Final
2025-05-22 10:17:34 INFO  RegionFactoryInitiator.initiateService:50 HHH000026: Second-level cache disabled
2025-05-22 10:17:35 INFO  SpringPersistenceUnitInfo.addTransformer:87 No LoadTimeWeaver setup: ignoring JPA class transformer
2025-05-22 10:17:35 WARN  deprecation.constructDialect:153 HHH90000025: MySQLDialect does not need to be specified explicitly using 'hibernate.dialect' (remove the property setting and it will be selected by default)
2025-05-22 10:17:35 INFO  pooling.initiateService:157 HHH10001005: Database info:
	Database JDBC URL [Connecting through datasource 'HikariDataSource (HikariPool-1)']
	Database driver: undefined/unknown
	Database version: 8.0.32
	Autocommit mode: undefined/unknown
	Isolation level: undefined/unknown
	Minimum pool size: undefined/unknown
	Maximum pool size: undefined/unknown
2025-05-22 10:17:36 INFO  JtaPlatformInitiator.initiateService:59 HHH000489: No JTA platform available (set 'hibernate.transaction.jta.platform' to enable JTA platform integration)
2025-05-22 10:17:36 INFO  LocalContainerEntityManagerFactoryBean.buildNativeEntityManagerFactory:447 Initialized JPA EntityManagerFactory for persistence unit 'mysqlPU'
2025-05-22 10:17:36 INFO  LotusPointLoader.loadConfig:31 Load config success|ExecuteTime|175
2025-05-22 10:17:36 INFO  QueryEnhancerFactory.<clinit>:49 Hibernate is in classpath; If applicable, HQL parser will be used.
2025-05-22 10:17:38 WARN  JpaBaseConfiguration$JpaWebConfiguration.openEntityManagerInViewInterceptor:258 spring.jpa.open-in-view is enabled by default. Therefore, database queries may be performed during view rendering. Explicitly configure spring.jpa.open-in-view to disable this warning
2025-05-22 10:17:38 WARN  UserDetailsServiceAutoConfiguration.getOrDeducePassword:90 

Using generated security password: d3a7f9aa-d341-4705-aeec-50b40413f3a6

This generated password is for development use only. Your security configuration must be updated before running your application in production.

2025-05-22 10:17:38 INFO  InitializeUserDetailsBeanManagerConfigurer$InitializeUserDetailsManagerConfigurer.configure:114 Global AuthenticationManager configured with UserDetailsService bean with name inMemoryUserDetailsManager
2025-05-22 10:17:38 INFO  OptionalLiveReloadServer.startServer:59 LiveReload server is running on port 35729
2025-05-22 10:17:38 INFO  Http11NioProtocol.log:168 Starting ProtocolHandler ["http-nio-8081"]
2025-05-22 10:17:39 INFO  TomcatWebServer.start:243 Tomcat started on port 8081 (http) with context path '/'
2025-05-22 10:17:39 INFO  DemoApplication.logStarted:59 Started DemoApplication in 8.606 seconds (process running for 9.56)
2025-05-22 10:17:46 INFO  GracefulShutdown.shutDownGracefully:54 Commencing graceful shutdown. Waiting for active requests to complete
2025-05-22 10:17:47 INFO  GracefulShutdown.doShutdown:76 Graceful shutdown complete
2025-05-22 10:17:47 INFO  LocalContainerEntityManagerFactoryBean.destroy:660 Closing JPA EntityManagerFactory for persistence unit 'mysqlPU'
2025-05-22 10:17:47 INFO  HikariDataSource.close:350 HikariPool-1 - Shutdown initiated...
2025-05-22 10:17:47 INFO  HikariDataSource.close:352 HikariPool-1 - Shutdown completed.
2025-05-22 10:17:52 INFO  Version.<clinit>:21 HV000001: Hibernate Validator 8.0.2.Final
2025-05-22 10:17:52 INFO  DemoApplication.logStarting:53 Starting DemoApplication using Java 17.0.9 with PID 11776 (D:\Wiinvent\demo\demo\target\classes started by Hieu in D:\Wiinvent\demo\demo)
2025-05-22 10:17:52 INFO  DemoApplication.logStartupProfileInfo:652 No active profile set, falling back to 1 default profile: "default"
2025-05-22 10:17:53 INFO  DevToolsPropertyDefaultsPostProcessor.logTo:252 Devtools property defaults active! Set 'spring.devtools.add-properties' to 'false' to disable
2025-05-22 10:17:53 INFO  DevToolsPropertyDefaultsPostProcessor.logTo:252 For additional web related logging consider setting the 'logging.level.web' property to 'DEBUG'
2025-05-22 10:17:53 INFO  RepositoryConfigurationDelegate.multipleStoresDetected:295 Multiple Spring Data modules found, entering strict repository configuration mode
2025-05-22 10:17:53 INFO  RepositoryConfigurationDelegate.registerRepositoriesIn:143 Bootstrapping Spring Data JPA repositories in DEFAULT mode.
2025-05-22 10:17:54 INFO  RepositoryConfigurationDelegate.registerRepositoriesIn:211 Finished Spring Data repository scanning in 150 ms. Found 4 JPA repository interfaces.
2025-05-22 10:17:54 INFO  RepositoryConfigurationDelegate.multipleStoresDetected:295 Multiple Spring Data modules found, entering strict repository configuration mode
2025-05-22 10:17:54 INFO  RepositoryConfigurationDelegate.registerRepositoriesIn:143 Bootstrapping Spring Data Redis repositories in DEFAULT mode.
2025-05-22 10:17:54 INFO  RepositoryConfigurationExtensionSupport.isStrictRepositoryCandidate:327 Spring Data Redis - Could not safely identify store assignment for repository candidate interface com.wiinvent.demo.repo.AttendanceConfigRepository; If you want this repository to be a Redis repository, consider annotating your entities with one of these annotations: org.springframework.data.redis.core.RedisHash (preferred), or consider extending one of the following types with your repository: org.springframework.data.keyvalue.repository.KeyValueRepository
2025-05-22 10:17:54 INFO  RepositoryConfigurationExtensionSupport.isStrictRepositoryCandidate:327 Spring Data Redis - Could not safely identify store assignment for repository candidate interface com.wiinvent.demo.repo.AttendanceRepository; If you want this repository to be a Redis repository, consider annotating your entities with one of these annotations: org.springframework.data.redis.core.RedisHash (preferred), or consider extending one of the following types with your repository: org.springframework.data.keyvalue.repository.KeyValueRepository
2025-05-22 10:17:54 INFO  RepositoryConfigurationExtensionSupport.isStrictRepositoryCandidate:327 Spring Data Redis - Could not safely identify store assignment for repository candidate interface com.wiinvent.demo.repo.PointHistoryRepository; If you want this repository to be a Redis repository, consider annotating your entities with one of these annotations: org.springframework.data.redis.core.RedisHash (preferred), or consider extending one of the following types with your repository: org.springframework.data.keyvalue.repository.KeyValueRepository
2025-05-22 10:17:54 INFO  RepositoryConfigurationExtensionSupport.isStrictRepositoryCandidate:327 Spring Data Redis - Could not safely identify store assignment for repository candidate interface com.wiinvent.demo.repo.UserRepository; If you want this repository to be a Redis repository, consider annotating your entities with one of these annotations: org.springframework.data.redis.core.RedisHash (preferred), or consider extending one of the following types with your repository: org.springframework.data.keyvalue.repository.KeyValueRepository
2025-05-22 10:17:54 INFO  RepositoryConfigurationDelegate.registerRepositoriesIn:211 Finished Spring Data repository scanning in 30 ms. Found 0 Redis repository interfaces.
2025-05-22 10:17:55 INFO  TomcatWebServer.initialize:111 Tomcat initialized with port 8081 (http)
2025-05-22 10:17:55 INFO  Http11NioProtocol.log:168 Initializing ProtocolHandler ["http-nio-8081"]
2025-05-22 10:17:55 INFO  StandardService.log:168 Starting service [Tomcat]
2025-05-22 10:17:55 INFO  StandardEngine.log:168 Starting Servlet engine: [Apache Tomcat/10.1.40]
2025-05-22 10:17:55 INFO  [/].log:168 Initializing Spring embedded WebApplicationContext
2025-05-22 10:17:55 INFO  ServletWebServerApplicationContext.prepareWebApplicationContext:301 Root WebApplicationContext: initialization completed in 2576 ms
2025-05-22 10:17:55 INFO  HikariDataSource.getConnection:110 HikariPool-1 - Starting...
2025-05-22 10:17:56 INFO  HikariDataSource.getConnection:123 HikariPool-1 - Start completed.
2025-05-22 10:17:56 INFO  changelog.log:37 Reading from gaming_db.databasechangelog
2025-05-22 10:17:56 INFO  ui.log:37 Database is up to date, no changesets to execute
2025-05-22 10:17:57 INFO  changelog.log:37 Reading from gaming_db.databasechangelog
2025-05-22 10:17:57 INFO  util.log:37 UPDATE SUMMARY
2025-05-22 10:17:57 INFO  util.log:37 Run:                          0
2025-05-22 10:17:57 INFO  util.log:37 Previously run:               4
2025-05-22 10:17:57 INFO  util.log:37 Filtered out:                 0
2025-05-22 10:17:57 INFO  util.log:37 -------------------------------
2025-05-22 10:17:57 INFO  util.log:37 Total change sets:            4
2025-05-22 10:17:57 INFO  util.log:37 Update summary generated
2025-05-22 10:17:57 INFO  command.log:37 Command execution complete
2025-05-22 10:17:57 INFO  LogHelper.logPersistenceUnitInformation:31 HHH000204: Processing PersistenceUnitInfo [name: mysqlPU]
2025-05-22 10:17:57 INFO  Version.logVersion:44 HHH000412: Hibernate ORM core version 6.6.13.Final
2025-05-22 10:17:57 INFO  RegionFactoryInitiator.initiateService:50 HHH000026: Second-level cache disabled
2025-05-22 10:17:57 INFO  SpringPersistenceUnitInfo.addTransformer:87 No LoadTimeWeaver setup: ignoring JPA class transformer
2025-05-22 10:17:57 WARN  deprecation.constructDialect:153 HHH90000025: MySQLDialect does not need to be specified explicitly using 'hibernate.dialect' (remove the property setting and it will be selected by default)
2025-05-22 10:17:57 INFO  pooling.initiateService:157 HHH10001005: Database info:
	Database JDBC URL [Connecting through datasource 'HikariDataSource (HikariPool-1)']
	Database driver: undefined/unknown
	Database version: 8.0.32
	Autocommit mode: undefined/unknown
	Isolation level: undefined/unknown
	Minimum pool size: undefined/unknown
	Maximum pool size: undefined/unknown
2025-05-22 10:17:58 INFO  JtaPlatformInitiator.initiateService:59 HHH000489: No JTA platform available (set 'hibernate.transaction.jta.platform' to enable JTA platform integration)
2025-05-22 10:17:58 INFO  LocalContainerEntityManagerFactoryBean.buildNativeEntityManagerFactory:447 Initialized JPA EntityManagerFactory for persistence unit 'mysqlPU'
2025-05-22 10:17:59 INFO  LotusPointLoader.loadConfig:31 Load config success|ExecuteTime|269
2025-05-22 10:17:59 INFO  QueryEnhancerFactory.<clinit>:49 Hibernate is in classpath; If applicable, HQL parser will be used.
2025-05-22 10:18:00 WARN  JpaBaseConfiguration$JpaWebConfiguration.openEntityManagerInViewInterceptor:258 spring.jpa.open-in-view is enabled by default. Therefore, database queries may be performed during view rendering. Explicitly configure spring.jpa.open-in-view to disable this warning
2025-05-22 10:18:01 WARN  UserDetailsServiceAutoConfiguration.getOrDeducePassword:90 

Using generated security password: 69fa0c1d-1ed4-4a0c-ba4e-853322af2155

This generated password is for development use only. Your security configuration must be updated before running your application in production.

2025-05-22 10:18:01 INFO  InitializeUserDetailsBeanManagerConfigurer$InitializeUserDetailsManagerConfigurer.configure:114 Global AuthenticationManager configured with UserDetailsService bean with name inMemoryUserDetailsManager
2025-05-22 10:18:01 INFO  OptionalLiveReloadServer.startServer:59 LiveReload server is running on port 35729
2025-05-22 10:18:01 INFO  Http11NioProtocol.log:168 Starting ProtocolHandler ["http-nio-8081"]
2025-05-22 10:18:01 INFO  TomcatWebServer.start:243 Tomcat started on port 8081 (http) with context path '/'
2025-05-22 10:18:01 INFO  DemoApplication.logStarted:59 Started DemoApplication in 9.678 seconds (process running for 10.758)
2025-05-22 10:18:08 INFO  [/].log:168 Initializing Spring DispatcherServlet 'dispatcherServlet'
2025-05-22 10:18:08 INFO  DispatcherServlet.initServletBean:532 Initializing Servlet 'dispatcherServlet'
2025-05-22 10:18:08 INFO  DispatcherServlet.initServletBean:554 Completed initialization in 1 ms
2025-05-22 10:18:20 INFO  LotusController.subtractPoint:113 subtractPoint|UserId|1|Point|1|START
2025-05-22 10:18:20 INFO  LotusController.subtractPoint:122 subtractPoint|UserId|1|Point|1|ExecuteTime|810
2025-05-22 10:18:34 INFO  UserController.getUserInfo:71 getUserInfo|UserId|1|START
2025-05-22 10:18:34 INFO  UserController.getUserInfo:84 getUserInfo|UserId|1|ExecuteTime|5
2025-05-22 10:19:25 INFO  GracefulShutdown.shutDownGracefully:54 Commencing graceful shutdown. Waiting for active requests to complete
2025-05-22 10:19:25 INFO  GracefulShutdown.doShutdown:76 Graceful shutdown complete
2025-05-22 10:19:25 INFO  LocalContainerEntityManagerFactoryBean.destroy:660 Closing JPA EntityManagerFactory for persistence unit 'mysqlPU'
2025-05-22 10:19:25 INFO  HikariDataSource.close:350 HikariPool-1 - Shutdown initiated...
2025-05-22 10:19:25 INFO  HikariDataSource.close:352 HikariPool-1 - Shutdown completed.
2025-05-22 10:19:30 INFO  Version.<clinit>:21 HV000001: Hibernate Validator 8.0.2.Final
2025-05-22 10:19:30 INFO  DemoApplication.logStarting:53 Starting DemoApplication using Java 17.0.9 with PID 18676 (D:\Wiinvent\demo\demo\target\classes started by Hieu in D:\Wiinvent\demo\demo)
2025-05-22 10:19:30 INFO  DemoApplication.logStartupProfileInfo:652 No active profile set, falling back to 1 default profile: "default"
2025-05-22 10:19:30 INFO  DevToolsPropertyDefaultsPostProcessor.logTo:252 Devtools property defaults active! Set 'spring.devtools.add-properties' to 'false' to disable
2025-05-22 10:19:30 INFO  DevToolsPropertyDefaultsPostProcessor.logTo:252 For additional web related logging consider setting the 'logging.level.web' property to 'DEBUG'
2025-05-22 10:19:31 INFO  RepositoryConfigurationDelegate.multipleStoresDetected:295 Multiple Spring Data modules found, entering strict repository configuration mode
2025-05-22 10:19:31 INFO  RepositoryConfigurationDelegate.registerRepositoriesIn:143 Bootstrapping Spring Data JPA repositories in DEFAULT mode.
2025-05-22 10:19:31 INFO  RepositoryConfigurationDelegate.registerRepositoriesIn:211 Finished Spring Data repository scanning in 156 ms. Found 4 JPA repository interfaces.
2025-05-22 10:19:32 INFO  RepositoryConfigurationDelegate.multipleStoresDetected:295 Multiple Spring Data modules found, entering strict repository configuration mode
2025-05-22 10:19:32 INFO  RepositoryConfigurationDelegate.registerRepositoriesIn:143 Bootstrapping Spring Data Redis repositories in DEFAULT mode.
2025-05-22 10:19:32 INFO  RepositoryConfigurationExtensionSupport.isStrictRepositoryCandidate:327 Spring Data Redis - Could not safely identify store assignment for repository candidate interface com.wiinvent.demo.repo.AttendanceConfigRepository; If you want this repository to be a Redis repository, consider annotating your entities with one of these annotations: org.springframework.data.redis.core.RedisHash (preferred), or consider extending one of the following types with your repository: org.springframework.data.keyvalue.repository.KeyValueRepository
2025-05-22 10:19:32 INFO  RepositoryConfigurationExtensionSupport.isStrictRepositoryCandidate:327 Spring Data Redis - Could not safely identify store assignment for repository candidate interface com.wiinvent.demo.repo.AttendanceRepository; If you want this repository to be a Redis repository, consider annotating your entities with one of these annotations: org.springframework.data.redis.core.RedisHash (preferred), or consider extending one of the following types with your repository: org.springframework.data.keyvalue.repository.KeyValueRepository
2025-05-22 10:19:32 INFO  RepositoryConfigurationExtensionSupport.isStrictRepositoryCandidate:327 Spring Data Redis - Could not safely identify store assignment for repository candidate interface com.wiinvent.demo.repo.PointHistoryRepository; If you want this repository to be a Redis repository, consider annotating your entities with one of these annotations: org.springframework.data.redis.core.RedisHash (preferred), or consider extending one of the following types with your repository: org.springframework.data.keyvalue.repository.KeyValueRepository
2025-05-22 10:19:32 INFO  RepositoryConfigurationExtensionSupport.isStrictRepositoryCandidate:327 Spring Data Redis - Could not safely identify store assignment for repository candidate interface com.wiinvent.demo.repo.UserRepository; If you want this repository to be a Redis repository, consider annotating your entities with one of these annotations: org.springframework.data.redis.core.RedisHash (preferred), or consider extending one of the following types with your repository: org.springframework.data.keyvalue.repository.KeyValueRepository
2025-05-22 10:19:32 INFO  RepositoryConfigurationDelegate.registerRepositoriesIn:211 Finished Spring Data repository scanning in 19 ms. Found 0 Redis repository interfaces.
2025-05-22 10:19:32 INFO  TomcatWebServer.initialize:111 Tomcat initialized with port 8081 (http)
2025-05-22 10:19:33 INFO  Http11NioProtocol.log:168 Initializing ProtocolHandler ["http-nio-8081"]
2025-05-22 10:19:33 INFO  StandardService.log:168 Starting service [Tomcat]
2025-05-22 10:19:33 INFO  StandardEngine.log:168 Starting Servlet engine: [Apache Tomcat/10.1.40]
2025-05-22 10:19:33 INFO  [/].log:168 Initializing Spring embedded WebApplicationContext
2025-05-22 10:19:33 INFO  ServletWebServerApplicationContext.prepareWebApplicationContext:301 Root WebApplicationContext: initialization completed in 2349 ms
2025-05-22 10:19:33 INFO  HikariDataSource.getConnection:110 HikariPool-1 - Starting...
2025-05-22 10:19:33 INFO  HikariDataSource.getConnection:123 HikariPool-1 - Start completed.
2025-05-22 10:19:34 INFO  changelog.log:37 Reading from gaming_db.databasechangelog
2025-05-22 10:19:34 INFO  ui.log:37 Database is up to date, no changesets to execute
2025-05-22 10:19:34 INFO  changelog.log:37 Reading from gaming_db.databasechangelog
2025-05-22 10:19:34 INFO  util.log:37 UPDATE SUMMARY
2025-05-22 10:19:34 INFO  util.log:37 Run:                          0
2025-05-22 10:19:34 INFO  util.log:37 Previously run:               4
2025-05-22 10:19:34 INFO  util.log:37 Filtered out:                 0
2025-05-22 10:19:34 INFO  util.log:37 -------------------------------
2025-05-22 10:19:34 INFO  util.log:37 Total change sets:            4
2025-05-22 10:19:34 INFO  util.log:37 Update summary generated
2025-05-22 10:19:34 INFO  command.log:37 Command execution complete
2025-05-22 10:19:34 INFO  LogHelper.logPersistenceUnitInformation:31 HHH000204: Processing PersistenceUnitInfo [name: mysqlPU]
2025-05-22 10:19:34 INFO  Version.logVersion:44 HHH000412: Hibernate ORM core version 6.6.13.Final
2025-05-22 10:19:34 INFO  RegionFactoryInitiator.initiateService:50 HHH000026: Second-level cache disabled
2025-05-22 10:19:35 INFO  SpringPersistenceUnitInfo.addTransformer:87 No LoadTimeWeaver setup: ignoring JPA class transformer
2025-05-22 10:19:35 WARN  deprecation.constructDialect:153 HHH90000025: MySQLDialect does not need to be specified explicitly using 'hibernate.dialect' (remove the property setting and it will be selected by default)
2025-05-22 10:19:35 INFO  pooling.initiateService:157 HHH10001005: Database info:
	Database JDBC URL [Connecting through datasource 'HikariDataSource (HikariPool-1)']
	Database driver: undefined/unknown
	Database version: 8.0.32
	Autocommit mode: undefined/unknown
	Isolation level: undefined/unknown
	Minimum pool size: undefined/unknown
	Maximum pool size: undefined/unknown
2025-05-22 10:19:35 INFO  JtaPlatformInitiator.initiateService:59 HHH000489: No JTA platform available (set 'hibernate.transaction.jta.platform' to enable JTA platform integration)
2025-05-22 10:19:36 INFO  LocalContainerEntityManagerFactoryBean.buildNativeEntityManagerFactory:447 Initialized JPA EntityManagerFactory for persistence unit 'mysqlPU'
2025-05-22 10:19:36 INFO  LotusPointLoader.loadConfig:31 Load config success|ExecuteTime|170
2025-05-22 10:19:36 INFO  QueryEnhancerFactory.<clinit>:49 Hibernate is in classpath; If applicable, HQL parser will be used.
2025-05-22 10:19:37 WARN  JpaBaseConfiguration$JpaWebConfiguration.openEntityManagerInViewInterceptor:258 spring.jpa.open-in-view is enabled by default. Therefore, database queries may be performed during view rendering. Explicitly configure spring.jpa.open-in-view to disable this warning
2025-05-22 10:19:37 WARN  UserDetailsServiceAutoConfiguration.getOrDeducePassword:90 

Using generated security password: 10e2ca3a-484a-4756-9384-0dd8fefca118

This generated password is for development use only. Your security configuration must be updated before running your application in production.

2025-05-22 10:19:37 INFO  InitializeUserDetailsBeanManagerConfigurer$InitializeUserDetailsManagerConfigurer.configure:114 Global AuthenticationManager configured with UserDetailsService bean with name inMemoryUserDetailsManager
2025-05-22 10:19:38 INFO  OptionalLiveReloadServer.startServer:59 LiveReload server is running on port 35729
2025-05-22 10:19:38 INFO  Http11NioProtocol.log:168 Starting ProtocolHandler ["http-nio-8081"]
2025-05-22 10:19:38 INFO  TomcatWebServer.start:243 Tomcat started on port 8081 (http) with context path '/'
2025-05-22 10:19:38 INFO  DemoApplication.logStarted:59 Started DemoApplication in 8.67 seconds (process running for 9.753)
2025-05-22 10:19:47 INFO  [/].log:168 Initializing Spring DispatcherServlet 'dispatcherServlet'
2025-05-22 10:19:47 INFO  DispatcherServlet.initServletBean:532 Initializing Servlet 'dispatcherServlet'
2025-05-22 10:19:47 INFO  DispatcherServlet.initServletBean:554 Completed initialization in 1 ms
2025-05-22 10:19:47 INFO  UserController.getUserInfo:71 getUserInfo|UserId|1|START
2025-05-22 10:19:48 INFO  UserController.getUserInfo:84 getUserInfo|UserId|1|ExecuteTime|665
2025-05-22 10:19:49 INFO  UserController.getUserInfo:71 getUserInfo|UserId|1|START
2025-05-22 10:19:49 INFO  UserController.getUserInfo:84 getUserInfo|UserId|1|ExecuteTime|34
2025-05-22 10:19:52 INFO  LotusController.subtractPoint:113 subtractPoint|UserId|1|Point|1|START
2025-05-22 10:19:52 INFO  LotusController.subtractPoint:122 subtractPoint|UserId|1|Point|1|ExecuteTime|77
2025-05-22 10:32:47 INFO  UserController.getUserInfo:71 getUserInfo|UserId|1|START
2025-05-22 10:32:47 INFO  UserController.getUserInfo:84 getUserInfo|UserId|1|ExecuteTime|3
2025-05-22 10:32:51 INFO  LotusController.subtractPoint:113 subtractPoint|UserId|1|Point|1|START
2025-05-22 10:32:51 INFO  LotusController.subtractPoint:122 subtractPoint|UserId|1|Point|1|ExecuteTime|26
2025-05-22 10:44:11 INFO  GracefulShutdown.shutDownGracefully:54 Commencing graceful shutdown. Waiting for active requests to complete
2025-05-22 10:44:11 INFO  GracefulShutdown.doShutdown:76 Graceful shutdown complete
2025-05-22 10:44:11 INFO  LocalContainerEntityManagerFactoryBean.destroy:660 Closing JPA EntityManagerFactory for persistence unit 'mysqlPU'
2025-05-22 10:44:11 INFO  HikariDataSource.close:350 HikariPool-1 - Shutdown initiated...
2025-05-22 10:44:11 INFO  HikariDataSource.close:352 HikariPool-1 - Shutdown completed.
2025-05-22 10:44:18 INFO  Version.<clinit>:21 HV000001: Hibernate Validator 8.0.2.Final
2025-05-22 10:44:19 INFO  DemoApplication.logStarting:53 Starting DemoApplication using Java 17.0.9 with PID 4416 (D:\Wiinvent\demo\demo\target\classes started by Hieu in D:\Wiinvent\demo\demo)
2025-05-22 10:44:19 INFO  DemoApplication.logStartupProfileInfo:652 No active profile set, falling back to 1 default profile: "default"
2025-05-22 10:44:19 INFO  DevToolsPropertyDefaultsPostProcessor.logTo:252 Devtools property defaults active! Set 'spring.devtools.add-properties' to 'false' to disable
2025-05-22 10:44:19 INFO  DevToolsPropertyDefaultsPostProcessor.logTo:252 For additional web related logging consider setting the 'logging.level.web' property to 'DEBUG'
2025-05-22 10:44:19 INFO  RepositoryConfigurationDelegate.multipleStoresDetected:295 Multiple Spring Data modules found, entering strict repository configuration mode
2025-05-22 10:44:19 INFO  RepositoryConfigurationDelegate.registerRepositoriesIn:143 Bootstrapping Spring Data JPA repositories in DEFAULT mode.
2025-05-22 10:44:20 INFO  RepositoryConfigurationDelegate.registerRepositoriesIn:211 Finished Spring Data repository scanning in 150 ms. Found 4 JPA repository interfaces.
2025-05-22 10:44:20 INFO  RepositoryConfigurationDelegate.multipleStoresDetected:295 Multiple Spring Data modules found, entering strict repository configuration mode
2025-05-22 10:44:20 INFO  RepositoryConfigurationDelegate.registerRepositoriesIn:143 Bootstrapping Spring Data Redis repositories in DEFAULT mode.
2025-05-22 10:44:20 INFO  RepositoryConfigurationExtensionSupport.isStrictRepositoryCandidate:327 Spring Data Redis - Could not safely identify store assignment for repository candidate interface com.wiinvent.demo.repo.AttendanceConfigRepository; If you want this repository to be a Redis repository, consider annotating your entities with one of these annotations: org.springframework.data.redis.core.RedisHash (preferred), or consider extending one of the following types with your repository: org.springframework.data.keyvalue.repository.KeyValueRepository
2025-05-22 10:44:20 INFO  RepositoryConfigurationExtensionSupport.isStrictRepositoryCandidate:327 Spring Data Redis - Could not safely identify store assignment for repository candidate interface com.wiinvent.demo.repo.AttendanceRepository; If you want this repository to be a Redis repository, consider annotating your entities with one of these annotations: org.springframework.data.redis.core.RedisHash (preferred), or consider extending one of the following types with your repository: org.springframework.data.keyvalue.repository.KeyValueRepository
2025-05-22 10:44:20 INFO  RepositoryConfigurationExtensionSupport.isStrictRepositoryCandidate:327 Spring Data Redis - Could not safely identify store assignment for repository candidate interface com.wiinvent.demo.repo.PointHistoryRepository; If you want this repository to be a Redis repository, consider annotating your entities with one of these annotations: org.springframework.data.redis.core.RedisHash (preferred), or consider extending one of the following types with your repository: org.springframework.data.keyvalue.repository.KeyValueRepository
2025-05-22 10:44:20 INFO  RepositoryConfigurationExtensionSupport.isStrictRepositoryCandidate:327 Spring Data Redis - Could not safely identify store assignment for repository candidate interface com.wiinvent.demo.repo.UserRepository; If you want this repository to be a Redis repository, consider annotating your entities with one of these annotations: org.springframework.data.redis.core.RedisHash (preferred), or consider extending one of the following types with your repository: org.springframework.data.keyvalue.repository.KeyValueRepository
2025-05-22 10:44:20 INFO  RepositoryConfigurationDelegate.registerRepositoriesIn:211 Finished Spring Data repository scanning in 20 ms. Found 0 Redis repository interfaces.
2025-05-22 10:44:21 INFO  TomcatWebServer.initialize:111 Tomcat initialized with port 8081 (http)
2025-05-22 10:44:21 INFO  Http11NioProtocol.log:168 Initializing ProtocolHandler ["http-nio-8081"]
2025-05-22 10:44:21 INFO  StandardService.log:168 Starting service [Tomcat]
2025-05-22 10:44:21 INFO  StandardEngine.log:168 Starting Servlet engine: [Apache Tomcat/10.1.40]
2025-05-22 10:44:21 INFO  [/].log:168 Initializing Spring embedded WebApplicationContext
2025-05-22 10:44:21 INFO  ServletWebServerApplicationContext.prepareWebApplicationContext:301 Root WebApplicationContext: initialization completed in 2344 ms
2025-05-22 10:44:21 INFO  HikariDataSource.getConnection:110 HikariPool-1 - Starting...
2025-05-22 10:44:22 INFO  HikariDataSource.getConnection:123 HikariPool-1 - Start completed.
2025-05-22 10:44:22 INFO  changelog.log:37 Reading from gaming_db.databasechangelog
2025-05-22 10:44:23 INFO  ui.log:37 Database is up to date, no changesets to execute
2025-05-22 10:44:23 INFO  changelog.log:37 Reading from gaming_db.databasechangelog
2025-05-22 10:44:23 INFO  util.log:37 UPDATE SUMMARY
2025-05-22 10:44:23 INFO  util.log:37 Run:                          0
2025-05-22 10:44:23 INFO  util.log:37 Previously run:               4
2025-05-22 10:44:23 INFO  util.log:37 Filtered out:                 0
2025-05-22 10:44:23 INFO  util.log:37 -------------------------------
2025-05-22 10:44:23 INFO  util.log:37 Total change sets:            4
2025-05-22 10:44:23 INFO  util.log:37 Update summary generated
2025-05-22 10:44:23 INFO  command.log:37 Command execution complete
2025-05-22 10:44:23 INFO  LogHelper.logPersistenceUnitInformation:31 HHH000204: Processing PersistenceUnitInfo [name: mysqlPU]
2025-05-22 10:44:23 INFO  Version.logVersion:44 HHH000412: Hibernate ORM core version 6.6.13.Final
2025-05-22 10:44:23 INFO  RegionFactoryInitiator.initiateService:50 HHH000026: Second-level cache disabled
2025-05-22 10:44:23 INFO  SpringPersistenceUnitInfo.addTransformer:87 No LoadTimeWeaver setup: ignoring JPA class transformer
2025-05-22 10:44:23 WARN  deprecation.constructDialect:153 HHH90000025: MySQLDialect does not need to be specified explicitly using 'hibernate.dialect' (remove the property setting and it will be selected by default)
2025-05-22 10:44:23 INFO  pooling.initiateService:157 HHH10001005: Database info:
	Database JDBC URL [Connecting through datasource 'HikariDataSource (HikariPool-1)']
	Database driver: undefined/unknown
	Database version: 8.0.32
	Autocommit mode: undefined/unknown
	Isolation level: undefined/unknown
	Minimum pool size: undefined/unknown
	Maximum pool size: undefined/unknown
2025-05-22 10:44:24 INFO  JtaPlatformInitiator.initiateService:59 HHH000489: No JTA platform available (set 'hibernate.transaction.jta.platform' to enable JTA platform integration)
2025-05-22 10:44:24 INFO  LocalContainerEntityManagerFactoryBean.buildNativeEntityManagerFactory:447 Initialized JPA EntityManagerFactory for persistence unit 'mysqlPU'
2025-05-22 10:44:25 INFO  LotusPointLoader.loadConfig:31 Load config success|ExecuteTime|248
2025-05-22 10:44:25 INFO  QueryEnhancerFactory.<clinit>:49 Hibernate is in classpath; If applicable, HQL parser will be used.
2025-05-22 10:44:26 WARN  JpaBaseConfiguration$JpaWebConfiguration.openEntityManagerInViewInterceptor:258 spring.jpa.open-in-view is enabled by default. Therefore, database queries may be performed during view rendering. Explicitly configure spring.jpa.open-in-view to disable this warning
2025-05-22 10:44:26 WARN  UserDetailsServiceAutoConfiguration.getOrDeducePassword:90 

Using generated security password: 9a1ae6a7-6f83-48b2-82ce-5a646443e970

This generated password is for development use only. Your security configuration must be updated before running your application in production.

2025-05-22 10:44:26 INFO  InitializeUserDetailsBeanManagerConfigurer$InitializeUserDetailsManagerConfigurer.configure:114 Global AuthenticationManager configured with UserDetailsService bean with name inMemoryUserDetailsManager
2025-05-22 10:44:27 INFO  OptionalLiveReloadServer.startServer:59 LiveReload server is running on port 35729
2025-05-22 10:44:27 INFO  Http11NioProtocol.log:168 Starting ProtocolHandler ["http-nio-8081"]
2025-05-22 10:44:27 INFO  TomcatWebServer.start:243 Tomcat started on port 8081 (http) with context path '/'
2025-05-22 10:44:27 INFO  DemoApplication.logStarted:59 Started DemoApplication in 9.189 seconds (process running for 10.193)
2025-05-22 10:44:30 INFO  [/].log:168 Initializing Spring DispatcherServlet 'dispatcherServlet'
2025-05-22 10:44:30 INFO  DispatcherServlet.initServletBean:532 Initializing Servlet 'dispatcherServlet'
2025-05-22 10:44:30 INFO  DispatcherServlet.initServletBean:554 Completed initialization in 1 ms
2025-05-22 10:44:30 INFO  UserController.getUserInfo:71 getUserInfo|UserId|1|START
2025-05-22 10:44:31 INFO  UserController.getUserInfo:84 getUserInfo|UserId|1|ExecuteTime|606
2025-05-22 10:44:33 INFO  UserController.getUserInfo:71 getUserInfo|UserId|1|START
2025-05-22 10:44:33 INFO  UserController.getUserInfo:84 getUserInfo|UserId|1|ExecuteTime|3
2025-05-22 10:44:38 INFO  LotusController.subtractPoint:111 subtractPoint|UserId|1|Point|1|START
2025-05-22 10:44:38 INFO  LotusController.subtractPoint:125 subtractPoint|UserId|1|Point|1|ExecuteTime|97
2025-05-22 10:44:44 INFO  LotusController.subtractPoint:111 subtractPoint|UserId|1|Point|1|START
2025-05-22 10:44:44 INFO  LotusController.subtractPoint:125 subtractPoint|UserId|1|Point|1|ExecuteTime|12
2025-05-22 10:44:56 INFO  UserController.getUserInfo:71 getUserInfo|UserId|1|START
2025-05-22 10:44:56 INFO  UserController.getUserInfo:84 getUserInfo|UserId|1|ExecuteTime|4
2025-05-22 10:45:29 INFO  UserController.getUserInfo:71 getUserInfo|UserId|1|START
2025-05-22 10:45:29 INFO  UserController.getUserInfo:84 getUserInfo|UserId|1|ExecuteTime|24
2025-05-22 10:45:31 INFO  UserController.getUserInfo:71 getUserInfo|UserId|1|START
2025-05-22 10:45:31 INFO  UserController.getUserInfo:84 getUserInfo|UserId|1|ExecuteTime|4
2025-05-22 10:47:25 INFO  UserController.getUserInfo:71 getUserInfo|UserId|1|START
2025-05-22 10:47:25 INFO  UserController.getUserInfo:84 getUserInfo|UserId|1|ExecuteTime|3
2025-05-22 10:47:32 INFO  UserController.getUserInfo:71 getUserInfo|UserId|1|START
2025-05-22 10:47:32 INFO  UserController.getUserInfo:84 getUserInfo|UserId|1|ExecuteTime|10
2025-05-22 10:47:34 INFO  LotusController.getListAttendance:37 getListAttendance|UserId|1|START
2025-05-22 10:47:35 INFO  LotusController.getListAttendance:50 getListAttendance|UserId|1|ExecuteTime|51
2025-05-22 10:47:39 INFO  LotusController.markAttendance:66 markAttendance|UserId|1|START
2025-05-22 10:47:39 INFO  LotusController.markAttendance:80 markAttendance|UserId|1|ExecuteTime|45
2025-05-22 10:58:00 INFO  GracefulShutdown.shutDownGracefully:54 Commencing graceful shutdown. Waiting for active requests to complete
2025-05-22 10:58:01 INFO  GracefulShutdown.doShutdown:76 Graceful shutdown complete
2025-05-22 10:58:01 INFO  LocalContainerEntityManagerFactoryBean.destroy:660 Closing JPA EntityManagerFactory for persistence unit 'mysqlPU'
2025-05-22 10:58:01 INFO  HikariDataSource.close:350 HikariPool-1 - Shutdown initiated...
2025-05-22 10:58:01 INFO  HikariDataSource.close:352 HikariPool-1 - Shutdown completed.
2025-05-22 10:58:06 INFO  Version.<clinit>:21 HV000001: Hibernate Validator 8.0.2.Final
2025-05-22 10:58:07 INFO  DemoApplication.logStarting:53 Starting DemoApplication using Java 17.0.9 with PID 20536 (D:\Wiinvent\demo\demo\target\classes started by Hieu in D:\Wiinvent\demo\demo)
2025-05-22 10:58:07 INFO  DemoApplication.logStartupProfileInfo:652 No active profile set, falling back to 1 default profile: "default"
2025-05-22 10:58:07 INFO  DevToolsPropertyDefaultsPostProcessor.logTo:252 Devtools property defaults active! Set 'spring.devtools.add-properties' to 'false' to disable
2025-05-22 10:58:07 INFO  DevToolsPropertyDefaultsPostProcessor.logTo:252 For additional web related logging consider setting the 'logging.level.web' property to 'DEBUG'
2025-05-22 10:58:07 INFO  RepositoryConfigurationDelegate.multipleStoresDetected:295 Multiple Spring Data modules found, entering strict repository configuration mode
2025-05-22 10:58:07 INFO  RepositoryConfigurationDelegate.registerRepositoriesIn:143 Bootstrapping Spring Data JPA repositories in DEFAULT mode.
2025-05-22 10:58:08 INFO  RepositoryConfigurationDelegate.registerRepositoriesIn:211 Finished Spring Data repository scanning in 162 ms. Found 4 JPA repository interfaces.
2025-05-22 10:58:08 INFO  RepositoryConfigurationDelegate.multipleStoresDetected:295 Multiple Spring Data modules found, entering strict repository configuration mode
2025-05-22 10:58:08 INFO  RepositoryConfigurationDelegate.registerRepositoriesIn:143 Bootstrapping Spring Data Redis repositories in DEFAULT mode.
2025-05-22 10:58:08 INFO  RepositoryConfigurationExtensionSupport.isStrictRepositoryCandidate:327 Spring Data Redis - Could not safely identify store assignment for repository candidate interface com.wiinvent.demo.repo.AttendanceConfigRepository; If you want this repository to be a Redis repository, consider annotating your entities with one of these annotations: org.springframework.data.redis.core.RedisHash (preferred), or consider extending one of the following types with your repository: org.springframework.data.keyvalue.repository.KeyValueRepository
2025-05-22 10:58:08 INFO  RepositoryConfigurationExtensionSupport.isStrictRepositoryCandidate:327 Spring Data Redis - Could not safely identify store assignment for repository candidate interface com.wiinvent.demo.repo.AttendanceRepository; If you want this repository to be a Redis repository, consider annotating your entities with one of these annotations: org.springframework.data.redis.core.RedisHash (preferred), or consider extending one of the following types with your repository: org.springframework.data.keyvalue.repository.KeyValueRepository
2025-05-22 10:58:08 INFO  RepositoryConfigurationExtensionSupport.isStrictRepositoryCandidate:327 Spring Data Redis - Could not safely identify store assignment for repository candidate interface com.wiinvent.demo.repo.PointHistoryRepository; If you want this repository to be a Redis repository, consider annotating your entities with one of these annotations: org.springframework.data.redis.core.RedisHash (preferred), or consider extending one of the following types with your repository: org.springframework.data.keyvalue.repository.KeyValueRepository
2025-05-22 10:58:08 INFO  RepositoryConfigurationExtensionSupport.isStrictRepositoryCandidate:327 Spring Data Redis - Could not safely identify store assignment for repository candidate interface com.wiinvent.demo.repo.UserRepository; If you want this repository to be a Redis repository, consider annotating your entities with one of these annotations: org.springframework.data.redis.core.RedisHash (preferred), or consider extending one of the following types with your repository: org.springframework.data.keyvalue.repository.KeyValueRepository
2025-05-22 10:58:08 INFO  RepositoryConfigurationDelegate.registerRepositoriesIn:211 Finished Spring Data repository scanning in 20 ms. Found 0 Redis repository interfaces.
2025-05-22 10:58:09 INFO  TomcatWebServer.initialize:111 Tomcat initialized with port 8081 (http)
2025-05-22 10:58:09 INFO  Http11NioProtocol.log:168 Initializing ProtocolHandler ["http-nio-8081"]
2025-05-22 10:58:09 INFO  StandardService.log:168 Starting service [Tomcat]
2025-05-22 10:58:09 INFO  StandardEngine.log:168 Starting Servlet engine: [Apache Tomcat/10.1.40]
2025-05-22 10:58:09 INFO  [/].log:168 Initializing Spring embedded WebApplicationContext
2025-05-22 10:58:09 INFO  ServletWebServerApplicationContext.prepareWebApplicationContext:301 Root WebApplicationContext: initialization completed in 2452 ms
2025-05-22 10:58:09 INFO  HikariDataSource.getConnection:110 HikariPool-1 - Starting...
2025-05-22 10:58:10 INFO  HikariDataSource.getConnection:123 HikariPool-1 - Start completed.
2025-05-22 10:58:11 INFO  changelog.log:37 Reading from gaming_db.databasechangelog
2025-05-22 10:58:11 INFO  ui.log:37 Database is up to date, no changesets to execute
2025-05-22 10:58:11 INFO  changelog.log:37 Reading from gaming_db.databasechangelog
2025-05-22 10:58:11 INFO  util.log:37 UPDATE SUMMARY
2025-05-22 10:58:11 INFO  util.log:37 Run:                          0
2025-05-22 10:58:11 INFO  util.log:37 Previously run:               4
2025-05-22 10:58:11 INFO  util.log:37 Filtered out:                 0
2025-05-22 10:58:11 INFO  util.log:37 -------------------------------
2025-05-22 10:58:11 INFO  util.log:37 Total change sets:            4
2025-05-22 10:58:11 INFO  util.log:37 Update summary generated
2025-05-22 10:58:11 INFO  command.log:37 Command execution complete
2025-05-22 10:58:11 INFO  LogHelper.logPersistenceUnitInformation:31 HHH000204: Processing PersistenceUnitInfo [name: mysqlPU]
2025-05-22 10:58:11 INFO  Version.logVersion:44 HHH000412: Hibernate ORM core version 6.6.13.Final
2025-05-22 10:58:11 INFO  RegionFactoryInitiator.initiateService:50 HHH000026: Second-level cache disabled
2025-05-22 10:58:11 INFO  SpringPersistenceUnitInfo.addTransformer:87 No LoadTimeWeaver setup: ignoring JPA class transformer
2025-05-22 10:58:12 WARN  deprecation.constructDialect:153 HHH90000025: MySQLDialect does not need to be specified explicitly using 'hibernate.dialect' (remove the property setting and it will be selected by default)
2025-05-22 10:58:12 INFO  pooling.initiateService:157 HHH10001005: Database info:
	Database JDBC URL [Connecting through datasource 'HikariDataSource (HikariPool-1)']
	Database driver: undefined/unknown
	Database version: 8.0.32
	Autocommit mode: undefined/unknown
	Isolation level: undefined/unknown
	Minimum pool size: undefined/unknown
	Maximum pool size: undefined/unknown
2025-05-22 10:58:13 INFO  JtaPlatformInitiator.initiateService:59 HHH000489: No JTA platform available (set 'hibernate.transaction.jta.platform' to enable JTA platform integration)
2025-05-22 10:58:13 INFO  LocalContainerEntityManagerFactoryBean.buildNativeEntityManagerFactory:447 Initialized JPA EntityManagerFactory for persistence unit 'mysqlPU'
2025-05-22 10:58:13 INFO  LotusPointLoader.loadConfig:31 Load config success|ExecuteTime|249
2025-05-22 10:58:13 INFO  QueryEnhancerFactory.<clinit>:49 Hibernate is in classpath; If applicable, HQL parser will be used.
2025-05-22 10:58:15 WARN  JpaBaseConfiguration$JpaWebConfiguration.openEntityManagerInViewInterceptor:258 spring.jpa.open-in-view is enabled by default. Therefore, database queries may be performed during view rendering. Explicitly configure spring.jpa.open-in-view to disable this warning
2025-05-22 10:58:15 WARN  UserDetailsServiceAutoConfiguration.getOrDeducePassword:90 

Using generated security password: 97d3fbd0-596a-4a1e-9813-bb4a0f79c09c

This generated password is for development use only. Your security configuration must be updated before running your application in production.

2025-05-22 10:58:15 INFO  InitializeUserDetailsBeanManagerConfigurer$InitializeUserDetailsManagerConfigurer.configure:114 Global AuthenticationManager configured with UserDetailsService bean with name inMemoryUserDetailsManager
2025-05-22 10:58:16 INFO  OptionalLiveReloadServer.startServer:59 LiveReload server is running on port 35729
2025-05-22 10:58:16 INFO  Http11NioProtocol.log:168 Starting ProtocolHandler ["http-nio-8081"]
2025-05-22 10:58:16 INFO  TomcatWebServer.start:243 Tomcat started on port 8081 (http) with context path '/'
2025-05-22 10:58:16 INFO  DemoApplication.logStarted:59 Started DemoApplication in 9.99 seconds (process running for 11.203)
2025-05-22 10:58:27 INFO  [/].log:168 Initializing Spring DispatcherServlet 'dispatcherServlet'
2025-05-22 10:58:27 INFO  DispatcherServlet.initServletBean:532 Initializing Servlet 'dispatcherServlet'
2025-05-22 10:58:27 INFO  DispatcherServlet.initServletBean:554 Completed initialization in 1 ms
2025-05-22 10:58:27 INFO  UserController.getUserInfo:71 getUserInfo|UserId|1|START
2025-05-22 10:58:28 INFO  UserController.getUserInfo:84 getUserInfo|UserId|1|ExecuteTime|621
2025-05-22 10:58:29 INFO  UserController.getUserInfo:71 getUserInfo|UserId|1|START
2025-05-22 10:58:29 INFO  UserController.getUserInfo:84 getUserInfo|UserId|1|ExecuteTime|4
2025-05-22 10:58:43 INFO  UserController.getUserInfo:71 getUserInfo|UserId|1|START
2025-05-22 10:58:43 INFO  UserController.getUserInfo:84 getUserInfo|UserId|1|ExecuteTime|49
2025-05-22 10:58:49 INFO  LotusController.getListAttendance:37 getListAttendance|UserId|1|START
2025-05-22 10:58:49 INFO  LotusController.getListAttendance:50 getListAttendance|UserId|1|ExecuteTime|30
2025-05-22 10:58:50 INFO  LotusController.getListAttendance:37 getListAttendance|UserId|1|START
2025-05-22 10:58:50 INFO  LotusController.getListAttendance:50 getListAttendance|UserId|1|ExecuteTime|9
2025-05-22 10:58:53 INFO  LotusController.markAttendance:66 markAttendance|UserId|1|START
2025-05-22 10:58:53 INFO  LotusController.markAttendance:80 markAttendance|UserId|1|ExecuteTime|120
2025-05-22 10:59:11 INFO  LotusController.subtractPoint:111 subtractPoint|UserId|1|Point|1|START
2025-05-22 10:59:11 INFO  LotusController.subtractPoint:125 subtractPoint|UserId|1|Point|1|ExecuteTime|30
2025-05-22 10:59:26 INFO  UserController.getUserInfo:71 getUserInfo|UserId|1|START
2025-05-22 10:59:26 INFO  UserController.getUserInfo:84 getUserInfo|UserId|1|ExecuteTime|3
